-- Found ament_cmake: 1.3.6 (/opt/ros/humble/share/ament_cmake/cmake)
-- Found rosidl_default_generators: 1.2.0 (/opt/ros/humble/share/rosidl_default_generators/cmake)
-- Using all available rosidl_typesupport_c: rosidl_typesupport_fastrtps_c;rosidl_typesupport_introspection_c
-- Found rosidl_adapter: 3.1.5 (/opt/ros/humble/share/rosidl_adapter/cmake)
-- Using all available rosidl_typesupport_cpp: rosidl_typesupport_fastrtps_cpp;rosidl_typesupport_introspection_cpp
-- Found ament_cmake_ros: 0.10.0 (/opt/ros/humble/share/ament_cmake_ros/cmake)
-- Using all available rosidl_typesupport_c: rosidl_typesupport_fastrtps_c;rosidl_typesupport_introspection_c
-- Using all available rosidl_typesupport_cpp: rosidl_typesupport_fastrtps_cpp;rosidl_typesupport_introspection_cpp
-- Found python_cmake_module: 0.10.0 (/opt/ros/humble/share/python_cmake_module/cmake)
-- Using PYTHON_EXECUTABLE: /usr/bin/python3
-- Using PYTHON_INCLUDE_DIRS: /usr/include/python3.10
-- Using PYTHON_LIBRARIES: /usr/lib/x86_64-linux-gnu/libpython3.10.so
-- Configuring done
-- Generating done
-- Build files have been written to: /home/marthen/ros2_ws/wheelchair_interfaces/build/wheelchair_interfaces
[  3%] [34m[1mGenerating C code for ROS interfaces[0m
[  6%] [34m[1mGenerating C++ code for ROS interfaces[0m
[  6%] Built target ament_cmake_python_copy_wheelchair_interfaces
running egg_info
writing wheelchair_interfaces.egg-info/PKG-INFO
writing dependency_links to wheelchair_interfaces.egg-info/dependency_links.txt
writing top-level names to wheelchair_interfaces.egg-info/top_level.txt
reading manifest file 'wheelchair_interfaces.egg-info/SOURCES.txt'
writing manifest file 'wheelchair_interfaces.egg-info/SOURCES.txt'
[  6%] Built target ament_cmake_python_build_wheelchair_interfaces_egg
[35m[1mConsolidate compiler generated dependencies of target wheelchair_interfaces__rosidl_generator_c[0m
[  9%] [32mBuilding C object CMakeFiles/wheelchair_interfaces__rosidl_generator_c.dir/rosidl_generator_c/wheelchair_interfaces/action/detail/move__functions.c.o[0m
[  9%] Built target wheelchair_interfaces__cpp
[ 19%] [34m[1mGenerating C++ type support dispatch for ROS interfaces[0m
[ 19%] [34m[1mGenerating C++ introspection for ROS interfaces[0m
[ 19%] [34m[1mGenerating C++ type support for eProsima Fast-RTPS[0m
[ 22%] [32m[1mLinking C shared library libwheelchair_interfaces__rosidl_generator_c.so[0m
[ 22%] Built target wheelchair_interfaces__rosidl_generator_c
[35m[1mConsolidate compiler generated dependencies of target wheelchair_interfaces__rosidl_typesupport_cpp[0m
[ 32%] [34m[1mGenerating C type support dispatch for ROS interfaces[0m
[ 32%] [34m[1mGenerating C type support for eProsima Fast-RTPS[0m
[ 32%] [34m[1mGenerating C introspection for ROS interfaces[0m
[ 35%] [32mBuilding CXX object CMakeFiles/wheelchair_interfaces__rosidl_typesupport_cpp.dir/rosidl_typesupport_cpp/wheelchair_interfaces/action/move__type_support.cpp.o[0m
[35m[1mConsolidate compiler generated dependencies of target wheelchair_interfaces__rosidl_typesupport_introspection_cpp[0m
[35m[1mConsolidate compiler generated dependencies of target wheelchair_interfaces__rosidl_typesupport_fastrtps_cpp[0m
[ 38%] [32mBuilding CXX object CMakeFiles/wheelchair_interfaces__rosidl_typesupport_introspection_cpp.dir/rosidl_typesupport_introspection_cpp/wheelchair_interfaces/action/detail/move__type_support.cpp.o[0m
[ 41%] [32mBuilding CXX object CMakeFiles/wheelchair_interfaces__rosidl_typesupport_fastrtps_cpp.dir/rosidl_typesupport_fastrtps_cpp/wheelchair_interfaces/action/detail/dds_fastrtps/move__type_support.cpp.o[0m
[35m[1mConsolidate compiler generated dependencies of target wheelchair_interfaces__rosidl_typesupport_c[0m
[ 45%] [32mBuilding CXX object CMakeFiles/wheelchair_interfaces__rosidl_typesupport_c.dir/rosidl_typesupport_c/wheelchair_interfaces/action/move__type_support.cpp.o[0m
[ 48%] [32m[1mLinking CXX shared library libwheelchair_interfaces__rosidl_typesupport_c.so[0m
[35m[1mConsolidate compiler generated dependencies of target wheelchair_interfaces__rosidl_typesupport_fastrtps_c[0m
[ 51%] [32mBuilding CXX object CMakeFiles/wheelchair_interfaces__rosidl_typesupport_fastrtps_c.dir/rosidl_typesupport_fastrtps_c/wheelchair_interfaces/action/detail/move__type_support_c.cpp.o[0m
[ 51%] Built target wheelchair_interfaces__rosidl_typesupport_c
[35m[1mConsolidate compiler generated dependencies of target wheelchair_interfaces__rosidl_typesupport_introspection_c[0m
[ 54%] [32mBuilding C object CMakeFiles/wheelchair_interfaces__rosidl_typesupport_introspection_c.dir/rosidl_typesupport_introspection_c/wheelchair_interfaces/action/detail/move__type_support.c.o[0m
[ 58%] [32m[1mLinking CXX shared library libwheelchair_interfaces__rosidl_typesupport_cpp.so[0m
[ 61%] [32m[1mLinking C shared library libwheelchair_interfaces__rosidl_typesupport_introspection_c.so[0m
[ 61%] Built target wheelchair_interfaces__rosidl_typesupport_cpp
[ 61%] Built target wheelchair_interfaces__rosidl_typesupport_introspection_c
[ 64%] [32m[1mLinking CXX shared library libwheelchair_interfaces__rosidl_typesupport_fastrtps_cpp.so[0m
[ 67%] [32m[1mLinking CXX shared library libwheelchair_interfaces__rosidl_typesupport_introspection_cpp.so[0m
[ 67%] Built target wheelchair_interfaces__rosidl_typesupport_fastrtps_cpp
[ 70%] [32m[1mLinking CXX shared library libwheelchair_interfaces__rosidl_typesupport_fastrtps_c.so[0m
[ 70%] Built target wheelchair_interfaces__rosidl_typesupport_introspection_cpp
[ 70%] Built target wheelchair_interfaces__rosidl_typesupport_fastrtps_c
[ 70%] Built target wheelchair_interfaces
[ 74%] [34m[1mGenerating Python code for ROS interfaces[0m
[ 74%] Built target wheelchair_interfaces__py
[35m[1mConsolidate compiler generated dependencies of target wheelchair_interfaces__rosidl_generator_py[0m
[ 77%] [32mBuilding C object CMakeFiles/wheelchair_interfaces__rosidl_generator_py.dir/rosidl_generator_py/wheelchair_interfaces/action/_move_s.c.o[0m
[ 80%] [32m[1mLinking C shared library rosidl_generator_py/wheelchair_interfaces/libwheelchair_interfaces__rosidl_generator_py.so[0m
[ 80%] Built target wheelchair_interfaces__rosidl_generator_py
[35m[1mConsolidate compiler generated dependencies of target wheelchair_interfaces__rosidl_typesupport_c__pyext[0m
[35m[1mConsolidate compiler generated dependencies of target wheelchair_interfaces__rosidl_typesupport_fastrtps_c__pyext[0m
[35m[1mConsolidate compiler generated dependencies of target wheelchair_interfaces__rosidl_typesupport_introspection_c__pyext[0m
[ 90%] [32mBuilding C object CMakeFiles/wheelchair_interfaces__rosidl_typesupport_fastrtps_c__pyext.dir/rosidl_generator_py/wheelchair_interfaces/_wheelchair_interfaces_s.ep.rosidl_typesupport_fastrtps_c.c.o[0m
[ 90%] [32mBuilding C object CMakeFiles/wheelchair_interfaces__rosidl_typesupport_introspection_c__pyext.dir/rosidl_generator_py/wheelchair_interfaces/_wheelchair_interfaces_s.ep.rosidl_typesupport_introspection_c.c.o[0m
[ 90%] [32mBuilding C object CMakeFiles/wheelchair_interfaces__rosidl_typesupport_c__pyext.dir/rosidl_generator_py/wheelchair_interfaces/_wheelchair_interfaces_s.ep.rosidl_typesupport_c.c.o[0m
[100%] [32m[1mLinking C shared library rosidl_generator_py/wheelchair_interfaces/wheelchair_interfaces_s__rosidl_typesupport_fastrtps_c.cpython-310-x86_64-linux-gnu.so[0m
[100%] [32m[1mLinking C shared library rosidl_generator_py/wheelchair_interfaces/wheelchair_interfaces_s__rosidl_typesupport_c.cpython-310-x86_64-linux-gnu.so[0m
[100%] [32m[1mLinking C shared library rosidl_generator_py/wheelchair_interfaces/wheelchair_interfaces_s__rosidl_typesupport_introspection_c.cpython-310-x86_64-linux-gnu.so[0m
[100%] Built target wheelchair_interfaces__rosidl_typesupport_fastrtps_c__pyext
[100%] Built target wheelchair_interfaces__rosidl_typesupport_introspection_c__pyext
[100%] Built target wheelchair_interfaces__rosidl_typesupport_c__pyext
-- Install configuration: ""
-- Up-to-date: /home/marthen/ros2_ws/wheelchair_interfaces/install/wheelchair_interfaces/share/ament_index/resource_index/rosidl_interfaces/wheelchair_interfaces
-- Up-to-date: /home/marthen/ros2_ws/wheelchair_interfaces/install/wheelchair_interfaces/include/wheelchair_interfaces/wheelchair_interfaces
-- Up-to-date: /home/marthen/ros2_ws/wheelchair_interfaces/install/wheelchair_interfaces/include/wheelchair_interfaces/wheelchair_interfaces/msg
-- Up-to-date: /home/marthen/ros2_ws/wheelchair_interfaces/install/wheelchair_interfaces/include/wheelchair_interfaces/wheelchair_interfaces/msg/rosidl_generator_c__visibility_control.h
-- Up-to-date: /home/marthen/ros2_ws/wheelchair_interfaces/install/wheelchair_interfaces/include/wheelchair_interfaces/wheelchair_interfaces/action
-- Installing: /home/marthen/ros2_ws/wheelchair_interfaces/install/wheelchair_interfaces/include/wheelchair_interfaces/wheelchair_interfaces/action/move.h
-- Up-to-date: /home/marthen/ros2_ws/wheelchair_interfaces/install/wheelchair_interfaces/include/wheelchair_interfaces/wheelchair_interfaces/action/detail
-- Installing: /home/marthen/ros2_ws/wheelchair_interfaces/install/wheelchair_interfaces/include/wheelchair_interfaces/wheelchair_interfaces/action/detail/move__struct.h
-- Installing: /home/marthen/ros2_ws/wheelchair_interfaces/install/wheelchair_interfaces/include/wheelchair_interfaces/wheelchair_interfaces/action/detail/move__functions.c
-- Installing: /home/marthen/ros2_ws/wheelchair_interfaces/install/wheelchair_interfaces/include/wheelchair_interfaces/wheelchair_interfaces/action/detail/move__type_support.h
-- Installing: /home/marthen/ros2_ws/wheelchair_interfaces/install/wheelchair_interfaces/include/wheelchair_interfaces/wheelchair_interfaces/action/detail/move__functions.h
-- Up-to-date: /home/marthen/ros2_ws/wheelchair_interfaces/install/wheelchair_interfaces/share/wheelchair_interfaces/environment/library_path.sh
-- Installing: /home/marthen/ros2_ws/wheelchair_interfaces/install/wheelchair_interfaces/share/wheelchair_interfaces/environment/library_path.dsv
-- Installing: /home/marthen/ros2_ws/wheelchair_interfaces/install/wheelchair_interfaces/lib/libwheelchair_interfaces__rosidl_generator_c.so
-- Set runtime path of "/home/marthen/ros2_ws/wheelchair_interfaces/install/wheelchair_interfaces/lib/libwheelchair_interfaces__rosidl_generator_c.so" to ""
-- Up-to-date: /home/marthen/ros2_ws/wheelchair_interfaces/install/wheelchair_interfaces/include/wheelchair_interfaces/wheelchair_interfaces
-- Up-to-date: /home/marthen/ros2_ws/wheelchair_interfaces/install/wheelchair_interfaces/include/wheelchair_interfaces/wheelchair_interfaces/msg
-- Up-to-date: /home/marthen/ros2_ws/wheelchair_interfaces/install/wheelchair_interfaces/include/wheelchair_interfaces/wheelchair_interfaces/msg/rosidl_typesupport_fastrtps_c__visibility_control.h
-- Up-to-date: /home/marthen/ros2_ws/wheelchair_interfaces/install/wheelchair_interfaces/include/wheelchair_interfaces/wheelchair_interfaces/action
-- Up-to-date: /home/marthen/ros2_ws/wheelchair_interfaces/install/wheelchair_interfaces/include/wheelchair_interfaces/wheelchair_interfaces/action/detail
-- Installing: /home/marthen/ros2_ws/wheelchair_interfaces/install/wheelchair_interfaces/include/wheelchair_interfaces/wheelchair_interfaces/action/detail/move__rosidl_typesupport_fastrtps_c.h
-- Installing: /home/marthen/ros2_ws/wheelchair_interfaces/install/wheelchair_interfaces/lib/libwheelchair_interfaces__rosidl_typesupport_fastrtps_c.so
-- Set runtime path of "/home/marthen/ros2_ws/wheelchair_interfaces/install/wheelchair_interfaces/lib/libwheelchair_interfaces__rosidl_typesupport_fastrtps_c.so" to ""
-- Up-to-date: /home/marthen/ros2_ws/wheelchair_interfaces/install/wheelchair_interfaces/include/wheelchair_interfaces/wheelchair_interfaces
-- Up-to-date: /home/marthen/ros2_ws/wheelchair_interfaces/install/wheelchair_interfaces/include/wheelchair_interfaces/wheelchair_interfaces/msg
-- Up-to-date: /home/marthen/ros2_ws/wheelchair_interfaces/install/wheelchair_interfaces/include/wheelchair_interfaces/wheelchair_interfaces/msg/rosidl_typesupport_introspection_c__visibility_control.h
-- Up-to-date: /home/marthen/ros2_ws/wheelchair_interfaces/install/wheelchair_interfaces/include/wheelchair_interfaces/wheelchair_interfaces/action
-- Up-to-date: /home/marthen/ros2_ws/wheelchair_interfaces/install/wheelchair_interfaces/include/wheelchair_interfaces/wheelchair_interfaces/action/detail
-- Installing: /home/marthen/ros2_ws/wheelchair_interfaces/install/wheelchair_interfaces/include/wheelchair_interfaces/wheelchair_interfaces/action/detail/move__rosidl_typesupport_introspection_c.h
-- Installing: /home/marthen/ros2_ws/wheelchair_interfaces/install/wheelchair_interfaces/include/wheelchair_interfaces/wheelchair_interfaces/action/detail/move__type_support.c
-- Installing: /home/marthen/ros2_ws/wheelchair_interfaces/install/wheelchair_interfaces/lib/libwheelchair_interfaces__rosidl_typesupport_introspection_c.so
-- Set runtime path of "/home/marthen/ros2_ws/wheelchair_interfaces/install/wheelchair_interfaces/lib/libwheelchair_interfaces__rosidl_typesupport_introspection_c.so" to ""
-- Installing: /home/marthen/ros2_ws/wheelchair_interfaces/install/wheelchair_interfaces/lib/libwheelchair_interfaces__rosidl_typesupport_c.so
-- Set runtime path of "/home/marthen/ros2_ws/wheelchair_interfaces/install/wheelchair_interfaces/lib/libwheelchair_interfaces__rosidl_typesupport_c.so" to ""
-- Up-to-date: /home/marthen/ros2_ws/wheelchair_interfaces/install/wheelchair_interfaces/include/wheelchair_interfaces/wheelchair_interfaces
-- Up-to-date: /home/marthen/ros2_ws/wheelchair_interfaces/install/wheelchair_interfaces/include/wheelchair_interfaces/wheelchair_interfaces/action
-- Up-to-date: /home/marthen/ros2_ws/wheelchair_interfaces/install/wheelchair_interfaces/include/wheelchair_interfaces/wheelchair_interfaces/action/detail
-- Installing: /home/marthen/ros2_ws/wheelchair_interfaces/install/wheelchair_interfaces/include/wheelchair_interfaces/wheelchair_interfaces/action/detail/move__traits.hpp
-- Installing: /home/marthen/ros2_ws/wheelchair_interfaces/install/wheelchair_interfaces/include/wheelchair_interfaces/wheelchair_interfaces/action/detail/move__builder.hpp
-- Installing: /home/marthen/ros2_ws/wheelchair_interfaces/install/wheelchair_interfaces/include/wheelchair_interfaces/wheelchair_interfaces/action/detail/move__struct.hpp
-- Installing: /home/marthen/ros2_ws/wheelchair_interfaces/install/wheelchair_interfaces/include/wheelchair_interfaces/wheelchair_interfaces/action/move.hpp
-- Up-to-date: /home/marthen/ros2_ws/wheelchair_interfaces/install/wheelchair_interfaces/include/wheelchair_interfaces/wheelchair_interfaces
-- Up-to-date: /home/marthen/ros2_ws/wheelchair_interfaces/install/wheelchair_interfaces/include/wheelchair_interfaces/wheelchair_interfaces/msg
-- Up-to-date: /home/marthen/ros2_ws/wheelchair_interfaces/install/wheelchair_interfaces/include/wheelchair_interfaces/wheelchair_interfaces/msg/rosidl_typesupport_fastrtps_cpp__visibility_control.h
-- Up-to-date: /home/marthen/ros2_ws/wheelchair_interfaces/install/wheelchair_interfaces/include/wheelchair_interfaces/wheelchair_interfaces/action
-- Up-to-date: /home/marthen/ros2_ws/wheelchair_interfaces/install/wheelchair_interfaces/include/wheelchair_interfaces/wheelchair_interfaces/action/detail
-- Installing: /home/marthen/ros2_ws/wheelchair_interfaces/install/wheelchair_interfaces/include/wheelchair_interfaces/wheelchair_interfaces/action/detail/move__rosidl_typesupport_fastrtps_cpp.hpp
-- Up-to-date: /home/marthen/ros2_ws/wheelchair_interfaces/install/wheelchair_interfaces/include/wheelchair_interfaces/wheelchair_interfaces/action/detail/dds_fastrtps
-- Installing: /home/marthen/ros2_ws/wheelchair_interfaces/install/wheelchair_interfaces/lib/libwheelchair_interfaces__rosidl_typesupport_fastrtps_cpp.so
-- Set runtime path of "/home/marthen/ros2_ws/wheelchair_interfaces/install/wheelchair_interfaces/lib/libwheelchair_interfaces__rosidl_typesupport_fastrtps_cpp.so" to ""
-- Up-to-date: /home/marthen/ros2_ws/wheelchair_interfaces/install/wheelchair_interfaces/include/wheelchair_interfaces/wheelchair_interfaces
-- Up-to-date: /home/marthen/ros2_ws/wheelchair_interfaces/install/wheelchair_interfaces/include/wheelchair_interfaces/wheelchair_interfaces/action
-- Up-to-date: /home/marthen/ros2_ws/wheelchair_interfaces/install/wheelchair_interfaces/include/wheelchair_interfaces/wheelchair_interfaces/action/detail
-- Installing: /home/marthen/ros2_ws/wheelchair_interfaces/install/wheelchair_interfaces/include/wheelchair_interfaces/wheelchair_interfaces/action/detail/move__type_support.cpp
-- Installing: /home/marthen/ros2_ws/wheelchair_interfaces/install/wheelchair_interfaces/include/wheelchair_interfaces/wheelchair_interfaces/action/detail/move__rosidl_typesupport_introspection_cpp.hpp
-- Installing: /home/marthen/ros2_ws/wheelchair_interfaces/install/wheelchair_interfaces/lib/libwheelchair_interfaces__rosidl_typesupport_introspection_cpp.so
-- Set runtime path of "/home/marthen/ros2_ws/wheelchair_interfaces/install/wheelchair_interfaces/lib/libwheelchair_interfaces__rosidl_typesupport_introspection_cpp.so" to ""
-- Installing: /home/marthen/ros2_ws/wheelchair_interfaces/install/wheelchair_interfaces/lib/libwheelchair_interfaces__rosidl_typesupport_cpp.so
-- Set runtime path of "/home/marthen/ros2_ws/wheelchair_interfaces/install/wheelchair_interfaces/lib/libwheelchair_interfaces__rosidl_typesupport_cpp.so" to ""
-- Up-to-date: /home/marthen/ros2_ws/wheelchair_interfaces/install/wheelchair_interfaces/share/wheelchair_interfaces/environment/pythonpath.sh
-- Installing: /home/marthen/ros2_ws/wheelchair_interfaces/install/wheelchair_interfaces/share/wheelchair_interfaces/environment/pythonpath.dsv
-- Up-to-date: /home/marthen/ros2_ws/wheelchair_interfaces/install/wheelchair_interfaces/local/lib/python3.10/dist-packages/wheelchair_interfaces-1.0.0-py3.10.egg-info
-- Installing: /home/marthen/ros2_ws/wheelchair_interfaces/install/wheelchair_interfaces/local/lib/python3.10/dist-packages/wheelchair_interfaces-1.0.0-py3.10.egg-info/top_level.txt
-- Installing: /home/marthen/ros2_ws/wheelchair_interfaces/install/wheelchair_interfaces/local/lib/python3.10/dist-packages/wheelchair_interfaces-1.0.0-py3.10.egg-info/PKG-INFO
-- Installing: /home/marthen/ros2_ws/wheelchair_interfaces/install/wheelchair_interfaces/local/lib/python3.10/dist-packages/wheelchair_interfaces-1.0.0-py3.10.egg-info/SOURCES.txt
-- Installing: /home/marthen/ros2_ws/wheelchair_interfaces/install/wheelchair_interfaces/local/lib/python3.10/dist-packages/wheelchair_interfaces-1.0.0-py3.10.egg-info/dependency_links.txt
-- Up-to-date: /home/marthen/ros2_ws/wheelchair_interfaces/install/wheelchair_interfaces/local/lib/python3.10/dist-packages/wheelchair_interfaces
-- Installing: /home/marthen/ros2_ws/wheelchair_interfaces/install/wheelchair_interfaces/local/lib/python3.10/dist-packages/wheelchair_interfaces/_wheelchair_interfaces_s.ep.rosidl_typesupport_c.c
-- Installing: /home/marthen/ros2_ws/wheelchair_interfaces/install/wheelchair_interfaces/local/lib/python3.10/dist-packages/wheelchair_interfaces/__init__.py
-- Installing: /home/marthen/ros2_ws/wheelchair_interfaces/install/wheelchair_interfaces/local/lib/python3.10/dist-packages/wheelchair_interfaces/wheelchair_interfaces_s__rosidl_typesupport_fastrtps_c.cpython-310-x86_64-linux-gnu.so
-- Installing: /home/marthen/ros2_ws/wheelchair_interfaces/install/wheelchair_interfaces/local/lib/python3.10/dist-packages/wheelchair_interfaces/wheelchair_interfaces_s__rosidl_typesupport_c.cpython-310-x86_64-linux-gnu.so
-- Installing: /home/marthen/ros2_ws/wheelchair_interfaces/install/wheelchair_interfaces/local/lib/python3.10/dist-packages/wheelchair_interfaces/wheelchair_interfaces_s__rosidl_typesupport_introspection_c.cpython-310-x86_64-linux-gnu.so
-- Installing: /home/marthen/ros2_ws/wheelchair_interfaces/install/wheelchair_interfaces/local/lib/python3.10/dist-packages/wheelchair_interfaces/_wheelchair_interfaces_s.ep.rosidl_typesupport_introspection_c.c
-- Installing: /home/marthen/ros2_ws/wheelchair_interfaces/install/wheelchair_interfaces/local/lib/python3.10/dist-packages/wheelchair_interfaces/_wheelchair_interfaces_s.ep.rosidl_typesupport_fastrtps_c.c
-- Installing: /home/marthen/ros2_ws/wheelchair_interfaces/install/wheelchair_interfaces/local/lib/python3.10/dist-packages/wheelchair_interfaces/libwheelchair_interfaces__rosidl_generator_py.so
-- Up-to-date: /home/marthen/ros2_ws/wheelchair_interfaces/install/wheelchair_interfaces/local/lib/python3.10/dist-packages/wheelchair_interfaces/action
-- Installing: /home/marthen/ros2_ws/wheelchair_interfaces/install/wheelchair_interfaces/local/lib/python3.10/dist-packages/wheelchair_interfaces/action/__init__.py
-- Installing: /home/marthen/ros2_ws/wheelchair_interfaces/install/wheelchair_interfaces/local/lib/python3.10/dist-packages/wheelchair_interfaces/action/_move.py
-- Installing: /home/marthen/ros2_ws/wheelchair_interfaces/install/wheelchair_interfaces/local/lib/python3.10/dist-packages/wheelchair_interfaces/action/_move_s.c
Listing '/home/marthen/ros2_ws/wheelchair_interfaces/install/wheelchair_interfaces/local/lib/python3.10/dist-packages/wheelchair_interfaces'...
Compiling '/home/marthen/ros2_ws/wheelchair_interfaces/install/wheelchair_interfaces/local/lib/python3.10/dist-packages/wheelchair_interfaces/__init__.py'...
Listing '/home/marthen/ros2_ws/wheelchair_interfaces/install/wheelchair_interfaces/local/lib/python3.10/dist-packages/wheelchair_interfaces/action'...
Compiling '/home/marthen/ros2_ws/wheelchair_interfaces/install/wheelchair_interfaces/local/lib/python3.10/dist-packages/wheelchair_interfaces/action/__init__.py'...
Compiling '/home/marthen/ros2_ws/wheelchair_interfaces/install/wheelchair_interfaces/local/lib/python3.10/dist-packages/wheelchair_interfaces/action/_move.py'...
-- Installing: /home/marthen/ros2_ws/wheelchair_interfaces/install/wheelchair_interfaces/local/lib/python3.10/dist-packages/wheelchair_interfaces/wheelchair_interfaces_s__rosidl_typesupport_fastrtps_c.cpython-310-x86_64-linux-gnu.so
-- Set runtime path of "/home/marthen/ros2_ws/wheelchair_interfaces/install/wheelchair_interfaces/local/lib/python3.10/dist-packages/wheelchair_interfaces/wheelchair_interfaces_s__rosidl_typesupport_fastrtps_c.cpython-310-x86_64-linux-gnu.so" to ""
-- Installing: /home/marthen/ros2_ws/wheelchair_interfaces/install/wheelchair_interfaces/local/lib/python3.10/dist-packages/wheelchair_interfaces/wheelchair_interfaces_s__rosidl_typesupport_introspection_c.cpython-310-x86_64-linux-gnu.so
-- Set runtime path of "/home/marthen/ros2_ws/wheelchair_interfaces/install/wheelchair_interfaces/local/lib/python3.10/dist-packages/wheelchair_interfaces/wheelchair_interfaces_s__rosidl_typesupport_introspection_c.cpython-310-x86_64-linux-gnu.so" to ""
-- Installing: /home/marthen/ros2_ws/wheelchair_interfaces/install/wheelchair_interfaces/local/lib/python3.10/dist-packages/wheelchair_interfaces/wheelchair_interfaces_s__rosidl_typesupport_c.cpython-310-x86_64-linux-gnu.so
-- Set runtime path of "/home/marthen/ros2_ws/wheelchair_interfaces/install/wheelchair_interfaces/local/lib/python3.10/dist-packages/wheelchair_interfaces/wheelchair_interfaces_s__rosidl_typesupport_c.cpython-310-x86_64-linux-gnu.so" to ""
-- Installing: /home/marthen/ros2_ws/wheelchair_interfaces/install/wheelchair_interfaces/lib/libwheelchair_interfaces__rosidl_generator_py.so
-- Set runtime path of "/home/marthen/ros2_ws/wheelchair_interfaces/install/wheelchair_interfaces/lib/libwheelchair_interfaces__rosidl_generator_py.so" to ""
-- Installing: /home/marthen/ros2_ws/wheelchair_interfaces/install/wheelchair_interfaces/share/wheelchair_interfaces/action/Move.idl
-- Installing: /home/marthen/ros2_ws/wheelchair_interfaces/install/wheelchair_interfaces/share/wheelchair_interfaces/action/Move.action
-- Up-to-date: /home/marthen/ros2_ws/wheelchair_interfaces/install/wheelchair_interfaces/share/ament_index/resource_index/package_run_dependencies/wheelchair_interfaces
-- Up-to-date: /home/marthen/ros2_ws/wheelchair_interfaces/install/wheelchair_interfaces/share/ament_index/resource_index/parent_prefix_path/wheelchair_interfaces
-- Up-to-date: /home/marthen/ros2_ws/wheelchair_interfaces/install/wheelchair_interfaces/share/wheelchair_interfaces/environment/ament_prefix_path.sh
-- Installing: /home/marthen/ros2_ws/wheelchair_interfaces/install/wheelchair_interfaces/share/wheelchair_interfaces/environment/ament_prefix_path.dsv
-- Up-to-date: /home/marthen/ros2_ws/wheelchair_interfaces/install/wheelchair_interfaces/share/wheelchair_interfaces/environment/path.sh
-- Installing: /home/marthen/ros2_ws/wheelchair_interfaces/install/wheelchair_interfaces/share/wheelchair_interfaces/environment/path.dsv
-- Up-to-date: /home/marthen/ros2_ws/wheelchair_interfaces/install/wheelchair_interfaces/share/wheelchair_interfaces/local_setup.bash
-- Up-to-date: /home/marthen/ros2_ws/wheelchair_interfaces/install/wheelchair_interfaces/share/wheelchair_interfaces/local_setup.sh
-- Up-to-date: /home/marthen/ros2_ws/wheelchair_interfaces/install/wheelchair_interfaces/share/wheelchair_interfaces/local_setup.zsh
-- Installing: /home/marthen/ros2_ws/wheelchair_interfaces/install/wheelchair_interfaces/share/wheelchair_interfaces/local_setup.dsv
-- Installing: /home/marthen/ros2_ws/wheelchair_interfaces/install/wheelchair_interfaces/share/wheelchair_interfaces/package.dsv
-- Up-to-date: /home/marthen/ros2_ws/wheelchair_interfaces/install/wheelchair_interfaces/share/ament_index/resource_index/packages/wheelchair_interfaces
-- Up-to-date: /home/marthen/ros2_ws/wheelchair_interfaces/install/wheelchair_interfaces/share/wheelchair_interfaces/cmake/export_wheelchair_interfaces__rosidl_generator_cExport.cmake
-- Up-to-date: /home/marthen/ros2_ws/wheelchair_interfaces/install/wheelchair_interfaces/share/wheelchair_interfaces/cmake/export_wheelchair_interfaces__rosidl_generator_cExport-noconfig.cmake
-- Up-to-date: /home/marthen/ros2_ws/wheelchair_interfaces/install/wheelchair_interfaces/share/wheelchair_interfaces/cmake/export_wheelchair_interfaces__rosidl_typesupport_fastrtps_cExport.cmake
-- Up-to-date: /home/marthen/ros2_ws/wheelchair_interfaces/install/wheelchair_interfaces/share/wheelchair_interfaces/cmake/export_wheelchair_interfaces__rosidl_typesupport_fastrtps_cExport-noconfig.cmake
-- Up-to-date: /home/marthen/ros2_ws/wheelchair_interfaces/install/wheelchair_interfaces/share/wheelchair_interfaces/cmake/wheelchair_interfaces__rosidl_typesupport_introspection_cExport.cmake
-- Up-to-date: /home/marthen/ros2_ws/wheelchair_interfaces/install/wheelchair_interfaces/share/wheelchair_interfaces/cmake/wheelchair_interfaces__rosidl_typesupport_introspection_cExport-noconfig.cmake
-- Up-to-date: /home/marthen/ros2_ws/wheelchair_interfaces/install/wheelchair_interfaces/share/wheelchair_interfaces/cmake/wheelchair_interfaces__rosidl_typesupport_cExport.cmake
-- Up-to-date: /home/marthen/ros2_ws/wheelchair_interfaces/install/wheelchair_interfaces/share/wheelchair_interfaces/cmake/wheelchair_interfaces__rosidl_typesupport_cExport-noconfig.cmake
-- Up-to-date: /home/marthen/ros2_ws/wheelchair_interfaces/install/wheelchair_interfaces/share/wheelchair_interfaces/cmake/export_wheelchair_interfaces__rosidl_generator_cppExport.cmake
-- Up-to-date: /home/marthen/ros2_ws/wheelchair_interfaces/install/wheelchair_interfaces/share/wheelchair_interfaces/cmake/export_wheelchair_interfaces__rosidl_typesupport_fastrtps_cppExport.cmake
-- Up-to-date: /home/marthen/ros2_ws/wheelchair_interfaces/install/wheelchair_interfaces/share/wheelchair_interfaces/cmake/export_wheelchair_interfaces__rosidl_typesupport_fastrtps_cppExport-noconfig.cmake
-- Up-to-date: /home/marthen/ros2_ws/wheelchair_interfaces/install/wheelchair_interfaces/share/wheelchair_interfaces/cmake/wheelchair_interfaces__rosidl_typesupport_introspection_cppExport.cmake
-- Up-to-date: /home/marthen/ros2_ws/wheelchair_interfaces/install/wheelchair_interfaces/share/wheelchair_interfaces/cmake/wheelchair_interfaces__rosidl_typesupport_introspection_cppExport-noconfig.cmake
-- Up-to-date: /home/marthen/ros2_ws/wheelchair_interfaces/install/wheelchair_interfaces/share/wheelchair_interfaces/cmake/wheelchair_interfaces__rosidl_typesupport_cppExport.cmake
-- Up-to-date: /home/marthen/ros2_ws/wheelchair_interfaces/install/wheelchair_interfaces/share/wheelchair_interfaces/cmake/wheelchair_interfaces__rosidl_typesupport_cppExport-noconfig.cmake
-- Up-to-date: /home/marthen/ros2_ws/wheelchair_interfaces/install/wheelchair_interfaces/share/wheelchair_interfaces/cmake/export_wheelchair_interfaces__rosidl_generator_pyExport.cmake
-- Up-to-date: /home/marthen/ros2_ws/wheelchair_interfaces/install/wheelchair_interfaces/share/wheelchair_interfaces/cmake/export_wheelchair_interfaces__rosidl_generator_pyExport-noconfig.cmake
-- Up-to-date: /home/marthen/ros2_ws/wheelchair_interfaces/install/wheelchair_interfaces/share/wheelchair_interfaces/cmake/rosidl_cmake-extras.cmake
-- Up-to-date: /home/marthen/ros2_ws/wheelchair_interfaces/install/wheelchair_interfaces/share/wheelchair_interfaces/cmake/ament_cmake_export_dependencies-extras.cmake
-- Up-to-date: /home/marthen/ros2_ws/wheelchair_interfaces/install/wheelchair_interfaces/share/wheelchair_interfaces/cmake/ament_cmake_export_include_directories-extras.cmake
-- Up-to-date: /home/marthen/ros2_ws/wheelchair_interfaces/install/wheelchair_interfaces/share/wheelchair_interfaces/cmake/ament_cmake_export_libraries-extras.cmake
-- Up-to-date: /home/marthen/ros2_ws/wheelchair_interfaces/install/wheelchair_interfaces/share/wheelchair_interfaces/cmake/ament_cmake_export_targets-extras.cmake
-- Up-to-date: /home/marthen/ros2_ws/wheelchair_interfaces/install/wheelchair_interfaces/share/wheelchair_interfaces/cmake/rosidl_cmake_export_typesupport_targets-extras.cmake
-- Up-to-date: /home/marthen/ros2_ws/wheelchair_interfaces/install/wheelchair_interfaces/share/wheelchair_interfaces/cmake/rosidl_cmake_export_typesupport_libraries-extras.cmake
-- Up-to-date: /home/marthen/ros2_ws/wheelchair_interfaces/install/wheelchair_interfaces/share/wheelchair_interfaces/cmake/wheelchair_interfacesConfig.cmake
-- Up-to-date: /home/marthen/ros2_ws/wheelchair_interfaces/install/wheelchair_interfaces/share/wheelchair_interfaces/cmake/wheelchair_interfacesConfig-version.cmake
-- Up-to-date: /home/marthen/ros2_ws/wheelchair_interfaces/install/wheelchair_interfaces/share/wheelchair_interfaces/package.xml
