[0.055s] Invoking command in '/home/marthen/ros2_ws/wheelchair_interfaces/build/wheelchair_interfaces': CMAKE_PREFIX_PATH=/opt/ros/humble /usr/bin/cmake --build /home/marthen/ros2_ws/wheelchair_interfaces/build/wheelchair_interfaces -- -j16 -l16
[0.099s] -- Found ament_cmake: 1.3.6 (/opt/ros/humble/share/ament_cmake/cmake)
[0.214s] -- Found rosidl_default_generators: 1.2.0 (/opt/ros/humble/share/rosidl_default_generators/cmake)
[0.216s] -- Using all available rosidl_typesupport_c: rosidl_typesupport_fastrtps_c;rosidl_typesupport_introspection_c
[0.218s] -- Found rosidl_adapter: 3.1.5 (/opt/ros/humble/share/rosidl_adapter/cmake)
[0.244s] -- Using all available rosidl_typesupport_cpp: rosidl_typesupport_fastrtps_cpp;rosidl_typesupport_introspection_cpp
[0.537s] -- Found ament_cmake_ros: 0.10.0 (/opt/ros/humble/share/ament_cmake_ros/cmake)
[0.701s] -- Using all available rosidl_typesupport_c: rosidl_typesupport_fastrtps_c;rosidl_typesupport_introspection_c
[0.912s] -- Using all available rosidl_typesupport_cpp: rosidl_typesupport_fastrtps_cpp;rosidl_typesupport_introspection_cpp
[0.934s] -- Found python_cmake_module: 0.10.0 (/opt/ros/humble/share/python_cmake_module/cmake)
[0.955s] -- Using PYTHON_EXECUTABLE: /usr/bin/python3
[0.955s] -- Using PYTHON_INCLUDE_DIRS: /usr/include/python3.10
[0.955s] -- Using PYTHON_LIBRARIES: /usr/lib/x86_64-linux-gnu/libpython3.10.so
[0.986s] -- Configuring done
[1.067s] -- Generating done
[1.071s] -- Build files have been written to: /home/marthen/ros2_ws/wheelchair_interfaces/build/wheelchair_interfaces
[1.100s] [  3%] [34m[1mGenerating C code for ROS interfaces[0m
[1.112s] [  6%] [34m[1mGenerating C++ code for ROS interfaces[0m
[1.139s] [  6%] Built target ament_cmake_python_copy_wheelchair_interfaces
[1.376s] running egg_info
[1.376s] writing wheelchair_interfaces.egg-info/PKG-INFO
[1.377s] writing dependency_links to wheelchair_interfaces.egg-info/dependency_links.txt
[1.377s] writing top-level names to wheelchair_interfaces.egg-info/top_level.txt
[1.379s] reading manifest file 'wheelchair_interfaces.egg-info/SOURCES.txt'
[1.380s] writing manifest file 'wheelchair_interfaces.egg-info/SOURCES.txt'
[1.414s] [  6%] Built target ament_cmake_python_build_wheelchair_interfaces_egg
[1.441s] [35m[1mConsolidate compiler generated dependencies of target wheelchair_interfaces__rosidl_generator_c[0m
[1.453s] [  9%] [32mBuilding C object CMakeFiles/wheelchair_interfaces__rosidl_generator_c.dir/rosidl_generator_c/wheelchair_interfaces/action/detail/move__functions.c.o[0m
[1.453s] [  9%] Built target wheelchair_interfaces__cpp
[1.462s] [ 19%] [34m[1mGenerating C++ type support dispatch for ROS interfaces[0m
[1.462s] [ 19%] [34m[1mGenerating C++ introspection for ROS interfaces[0m
[1.462s] [ 19%] [34m[1mGenerating C++ type support for eProsima Fast-RTPS[0m
[1.713s] [ 22%] [32m[1mLinking C shared library libwheelchair_interfaces__rosidl_generator_c.so[0m
[1.753s] [ 22%] Built target wheelchair_interfaces__rosidl_generator_c
[1.759s] [35m[1mConsolidate compiler generated dependencies of target wheelchair_interfaces__rosidl_typesupport_cpp[0m
[1.764s] [ 32%] [34m[1mGenerating C type support dispatch for ROS interfaces[0m
[1.764s] [ 32%] [34m[1mGenerating C type support for eProsima Fast-RTPS[0m
[1.764s] [ 32%] [34m[1mGenerating C introspection for ROS interfaces[0m
[1.776s] [ 35%] [32mBuilding CXX object CMakeFiles/wheelchair_interfaces__rosidl_typesupport_cpp.dir/rosidl_typesupport_cpp/wheelchair_interfaces/action/move__type_support.cpp.o[0m
[1.796s] [35m[1mConsolidate compiler generated dependencies of target wheelchair_interfaces__rosidl_typesupport_introspection_cpp[0m
[1.801s] [35m[1mConsolidate compiler generated dependencies of target wheelchair_interfaces__rosidl_typesupport_fastrtps_cpp[0m
[1.815s] [ 38%] [32mBuilding CXX object CMakeFiles/wheelchair_interfaces__rosidl_typesupport_introspection_cpp.dir/rosidl_typesupport_introspection_cpp/wheelchair_interfaces/action/detail/move__type_support.cpp.o[0m
[1.819s] [ 41%] [32mBuilding CXX object CMakeFiles/wheelchair_interfaces__rosidl_typesupport_fastrtps_cpp.dir/rosidl_typesupport_fastrtps_cpp/wheelchair_interfaces/action/detail/dds_fastrtps/move__type_support.cpp.o[0m
[2.020s] [35m[1mConsolidate compiler generated dependencies of target wheelchair_interfaces__rosidl_typesupport_c[0m
[2.035s] [ 45%] [32mBuilding CXX object CMakeFiles/wheelchair_interfaces__rosidl_typesupport_c.dir/rosidl_typesupport_c/wheelchair_interfaces/action/move__type_support.cpp.o[0m
[2.084s] [ 48%] [32m[1mLinking CXX shared library libwheelchair_interfaces__rosidl_typesupport_c.so[0m
[2.091s] [35m[1mConsolidate compiler generated dependencies of target wheelchair_interfaces__rosidl_typesupport_fastrtps_c[0m
[2.108s] [ 51%] [32mBuilding CXX object CMakeFiles/wheelchair_interfaces__rosidl_typesupport_fastrtps_c.dir/rosidl_typesupport_fastrtps_c/wheelchair_interfaces/action/detail/move__type_support_c.cpp.o[0m
[2.129s] [ 51%] Built target wheelchair_interfaces__rosidl_typesupport_c
[2.160s] [35m[1mConsolidate compiler generated dependencies of target wheelchair_interfaces__rosidl_typesupport_introspection_c[0m
[2.176s] [ 54%] [32mBuilding C object CMakeFiles/wheelchair_interfaces__rosidl_typesupport_introspection_c.dir/rosidl_typesupport_introspection_c/wheelchair_interfaces/action/detail/move__type_support.c.o[0m
[2.200s] [ 58%] [32m[1mLinking CXX shared library libwheelchair_interfaces__rosidl_typesupport_cpp.so[0m
[2.231s] [ 61%] [32m[1mLinking C shared library libwheelchair_interfaces__rosidl_typesupport_introspection_c.so[0m
[2.247s] [ 61%] Built target wheelchair_interfaces__rosidl_typesupport_cpp
[2.267s] [ 61%] Built target wheelchair_interfaces__rosidl_typesupport_introspection_c
[2.347s] [ 64%] [32m[1mLinking CXX shared library libwheelchair_interfaces__rosidl_typesupport_fastrtps_cpp.so[0m
[2.401s] [ 67%] [32m[1mLinking CXX shared library libwheelchair_interfaces__rosidl_typesupport_introspection_cpp.so[0m
[2.423s] [ 67%] Built target wheelchair_interfaces__rosidl_typesupport_fastrtps_cpp
[2.452s] [ 70%] [32m[1mLinking CXX shared library libwheelchair_interfaces__rosidl_typesupport_fastrtps_c.so[0m
[2.473s] [ 70%] Built target wheelchair_interfaces__rosidl_typesupport_introspection_cpp
[2.527s] [ 70%] Built target wheelchair_interfaces__rosidl_typesupport_fastrtps_c
[2.549s] [ 70%] Built target wheelchair_interfaces
[2.571s] [ 74%] [34m[1mGenerating Python code for ROS interfaces[0m
[3.069s] [ 74%] Built target wheelchair_interfaces__py
[3.081s] [35m[1mConsolidate compiler generated dependencies of target wheelchair_interfaces__rosidl_generator_py[0m
[3.106s] [ 77%] [32mBuilding C object CMakeFiles/wheelchair_interfaces__rosidl_generator_py.dir/rosidl_generator_py/wheelchair_interfaces/action/_move_s.c.o[0m
[3.320s] [ 80%] [32m[1mLinking C shared library rosidl_generator_py/wheelchair_interfaces/libwheelchair_interfaces__rosidl_generator_py.so[0m
[3.363s] [ 80%] Built target wheelchair_interfaces__rosidl_generator_py
[3.376s] [35m[1mConsolidate compiler generated dependencies of target wheelchair_interfaces__rosidl_typesupport_c__pyext[0m
[3.376s] [35m[1mConsolidate compiler generated dependencies of target wheelchair_interfaces__rosidl_typesupport_fastrtps_c__pyext[0m
[3.376s] [35m[1mConsolidate compiler generated dependencies of target wheelchair_interfaces__rosidl_typesupport_introspection_c__pyext[0m
[3.390s] [ 90%] [32mBuilding C object CMakeFiles/wheelchair_interfaces__rosidl_typesupport_fastrtps_c__pyext.dir/rosidl_generator_py/wheelchair_interfaces/_wheelchair_interfaces_s.ep.rosidl_typesupport_fastrtps_c.c.o[0m
[3.390s] [ 90%] [32mBuilding C object CMakeFiles/wheelchair_interfaces__rosidl_typesupport_introspection_c__pyext.dir/rosidl_generator_py/wheelchair_interfaces/_wheelchair_interfaces_s.ep.rosidl_typesupport_introspection_c.c.o[0m
[3.390s] [ 90%] [32mBuilding C object CMakeFiles/wheelchair_interfaces__rosidl_typesupport_c__pyext.dir/rosidl_generator_py/wheelchair_interfaces/_wheelchair_interfaces_s.ep.rosidl_typesupport_c.c.o[0m
[3.492s] [100%] [32m[1mLinking C shared library rosidl_generator_py/wheelchair_interfaces/wheelchair_interfaces_s__rosidl_typesupport_fastrtps_c.cpython-310-x86_64-linux-gnu.so[0m
[3.492s] [100%] [32m[1mLinking C shared library rosidl_generator_py/wheelchair_interfaces/wheelchair_interfaces_s__rosidl_typesupport_c.cpython-310-x86_64-linux-gnu.so[0m
[3.493s] [100%] [32m[1mLinking C shared library rosidl_generator_py/wheelchair_interfaces/wheelchair_interfaces_s__rosidl_typesupport_introspection_c.cpython-310-x86_64-linux-gnu.so[0m
[3.532s] [100%] Built target wheelchair_interfaces__rosidl_typesupport_fastrtps_c__pyext
[3.533s] [100%] Built target wheelchair_interfaces__rosidl_typesupport_introspection_c__pyext
[3.533s] [100%] Built target wheelchair_interfaces__rosidl_typesupport_c__pyext
[3.546s] Invoked command in '/home/marthen/ros2_ws/wheelchair_interfaces/build/wheelchair_interfaces' returned '0': CMAKE_PREFIX_PATH=/opt/ros/humble /usr/bin/cmake --build /home/marthen/ros2_ws/wheelchair_interfaces/build/wheelchair_interfaces -- -j16 -l16
[3.623s] Invoking command in '/home/marthen/ros2_ws/wheelchair_interfaces/build/wheelchair_interfaces': CMAKE_PREFIX_PATH=/opt/ros/humble /usr/bin/cmake --install /home/marthen/ros2_ws/wheelchair_interfaces/build/wheelchair_interfaces
[3.631s] -- Install configuration: ""
[3.632s] -- Up-to-date: /home/marthen/ros2_ws/wheelchair_interfaces/install/wheelchair_interfaces/share/ament_index/resource_index/rosidl_interfaces/wheelchair_interfaces
[3.632s] -- Up-to-date: /home/marthen/ros2_ws/wheelchair_interfaces/install/wheelchair_interfaces/include/wheelchair_interfaces/wheelchair_interfaces
[3.632s] -- Up-to-date: /home/marthen/ros2_ws/wheelchair_interfaces/install/wheelchair_interfaces/include/wheelchair_interfaces/wheelchair_interfaces/msg
[3.632s] -- Up-to-date: /home/marthen/ros2_ws/wheelchair_interfaces/install/wheelchair_interfaces/include/wheelchair_interfaces/wheelchair_interfaces/msg/rosidl_generator_c__visibility_control.h
[3.632s] -- Up-to-date: /home/marthen/ros2_ws/wheelchair_interfaces/install/wheelchair_interfaces/include/wheelchair_interfaces/wheelchair_interfaces/action
[3.632s] -- Installing: /home/marthen/ros2_ws/wheelchair_interfaces/install/wheelchair_interfaces/include/wheelchair_interfaces/wheelchair_interfaces/action/move.h
[3.632s] -- Up-to-date: /home/marthen/ros2_ws/wheelchair_interfaces/install/wheelchair_interfaces/include/wheelchair_interfaces/wheelchair_interfaces/action/detail
[3.632s] -- Installing: /home/marthen/ros2_ws/wheelchair_interfaces/install/wheelchair_interfaces/include/wheelchair_interfaces/wheelchair_interfaces/action/detail/move__struct.h
[3.633s] -- Installing: /home/marthen/ros2_ws/wheelchair_interfaces/install/wheelchair_interfaces/include/wheelchair_interfaces/wheelchair_interfaces/action/detail/move__functions.c
[3.633s] -- Installing: /home/marthen/ros2_ws/wheelchair_interfaces/install/wheelchair_interfaces/include/wheelchair_interfaces/wheelchair_interfaces/action/detail/move__type_support.h
[3.633s] -- Installing: /home/marthen/ros2_ws/wheelchair_interfaces/install/wheelchair_interfaces/include/wheelchair_interfaces/wheelchair_interfaces/action/detail/move__functions.h
[3.633s] -- Up-to-date: /home/marthen/ros2_ws/wheelchair_interfaces/install/wheelchair_interfaces/share/wheelchair_interfaces/environment/library_path.sh
[3.633s] -- Installing: /home/marthen/ros2_ws/wheelchair_interfaces/install/wheelchair_interfaces/share/wheelchair_interfaces/environment/library_path.dsv
[3.633s] -- Installing: /home/marthen/ros2_ws/wheelchair_interfaces/install/wheelchair_interfaces/lib/libwheelchair_interfaces__rosidl_generator_c.so
[3.634s] -- Set runtime path of "/home/marthen/ros2_ws/wheelchair_interfaces/install/wheelchair_interfaces/lib/libwheelchair_interfaces__rosidl_generator_c.so" to ""
[3.634s] -- Up-to-date: /home/marthen/ros2_ws/wheelchair_interfaces/install/wheelchair_interfaces/include/wheelchair_interfaces/wheelchair_interfaces
[3.634s] -- Up-to-date: /home/marthen/ros2_ws/wheelchair_interfaces/install/wheelchair_interfaces/include/wheelchair_interfaces/wheelchair_interfaces/msg
[3.634s] -- Up-to-date: /home/marthen/ros2_ws/wheelchair_interfaces/install/wheelchair_interfaces/include/wheelchair_interfaces/wheelchair_interfaces/msg/rosidl_typesupport_fastrtps_c__visibility_control.h
[3.634s] -- Up-to-date: /home/marthen/ros2_ws/wheelchair_interfaces/install/wheelchair_interfaces/include/wheelchair_interfaces/wheelchair_interfaces/action
[3.634s] -- Up-to-date: /home/marthen/ros2_ws/wheelchair_interfaces/install/wheelchair_interfaces/include/wheelchair_interfaces/wheelchair_interfaces/action/detail
[3.634s] -- Installing: /home/marthen/ros2_ws/wheelchair_interfaces/install/wheelchair_interfaces/include/wheelchair_interfaces/wheelchair_interfaces/action/detail/move__rosidl_typesupport_fastrtps_c.h
[3.634s] -- Installing: /home/marthen/ros2_ws/wheelchair_interfaces/install/wheelchair_interfaces/lib/libwheelchair_interfaces__rosidl_typesupport_fastrtps_c.so
[3.635s] -- Set runtime path of "/home/marthen/ros2_ws/wheelchair_interfaces/install/wheelchair_interfaces/lib/libwheelchair_interfaces__rosidl_typesupport_fastrtps_c.so" to ""
[3.635s] -- Up-to-date: /home/marthen/ros2_ws/wheelchair_interfaces/install/wheelchair_interfaces/include/wheelchair_interfaces/wheelchair_interfaces
[3.635s] -- Up-to-date: /home/marthen/ros2_ws/wheelchair_interfaces/install/wheelchair_interfaces/include/wheelchair_interfaces/wheelchair_interfaces/msg
[3.635s] -- Up-to-date: /home/marthen/ros2_ws/wheelchair_interfaces/install/wheelchair_interfaces/include/wheelchair_interfaces/wheelchair_interfaces/msg/rosidl_typesupport_introspection_c__visibility_control.h
[3.635s] -- Up-to-date: /home/marthen/ros2_ws/wheelchair_interfaces/install/wheelchair_interfaces/include/wheelchair_interfaces/wheelchair_interfaces/action
[3.635s] -- Up-to-date: /home/marthen/ros2_ws/wheelchair_interfaces/install/wheelchair_interfaces/include/wheelchair_interfaces/wheelchair_interfaces/action/detail
[3.635s] -- Installing: /home/marthen/ros2_ws/wheelchair_interfaces/install/wheelchair_interfaces/include/wheelchair_interfaces/wheelchair_interfaces/action/detail/move__rosidl_typesupport_introspection_c.h
[3.635s] -- Installing: /home/marthen/ros2_ws/wheelchair_interfaces/install/wheelchair_interfaces/include/wheelchair_interfaces/wheelchair_interfaces/action/detail/move__type_support.c
[3.635s] -- Installing: /home/marthen/ros2_ws/wheelchair_interfaces/install/wheelchair_interfaces/lib/libwheelchair_interfaces__rosidl_typesupport_introspection_c.so
[3.636s] -- Set runtime path of "/home/marthen/ros2_ws/wheelchair_interfaces/install/wheelchair_interfaces/lib/libwheelchair_interfaces__rosidl_typesupport_introspection_c.so" to ""
[3.636s] -- Installing: /home/marthen/ros2_ws/wheelchair_interfaces/install/wheelchair_interfaces/lib/libwheelchair_interfaces__rosidl_typesupport_c.so
[3.636s] -- Set runtime path of "/home/marthen/ros2_ws/wheelchair_interfaces/install/wheelchair_interfaces/lib/libwheelchair_interfaces__rosidl_typesupport_c.so" to ""
[3.636s] -- Up-to-date: /home/marthen/ros2_ws/wheelchair_interfaces/install/wheelchair_interfaces/include/wheelchair_interfaces/wheelchair_interfaces
[3.636s] -- Up-to-date: /home/marthen/ros2_ws/wheelchair_interfaces/install/wheelchair_interfaces/include/wheelchair_interfaces/wheelchair_interfaces/action
[3.636s] -- Up-to-date: /home/marthen/ros2_ws/wheelchair_interfaces/install/wheelchair_interfaces/include/wheelchair_interfaces/wheelchair_interfaces/action/detail
[3.636s] -- Installing: /home/marthen/ros2_ws/wheelchair_interfaces/install/wheelchair_interfaces/include/wheelchair_interfaces/wheelchair_interfaces/action/detail/move__traits.hpp
[3.636s] -- Installing: /home/marthen/ros2_ws/wheelchair_interfaces/install/wheelchair_interfaces/include/wheelchair_interfaces/wheelchair_interfaces/action/detail/move__builder.hpp
[3.636s] -- Installing: /home/marthen/ros2_ws/wheelchair_interfaces/install/wheelchair_interfaces/include/wheelchair_interfaces/wheelchair_interfaces/action/detail/move__struct.hpp
[3.637s] -- Installing: /home/marthen/ros2_ws/wheelchair_interfaces/install/wheelchair_interfaces/include/wheelchair_interfaces/wheelchair_interfaces/action/move.hpp
[3.637s] -- Up-to-date: /home/marthen/ros2_ws/wheelchair_interfaces/install/wheelchair_interfaces/include/wheelchair_interfaces/wheelchair_interfaces
[3.637s] -- Up-to-date: /home/marthen/ros2_ws/wheelchair_interfaces/install/wheelchair_interfaces/include/wheelchair_interfaces/wheelchair_interfaces/msg
[3.637s] -- Up-to-date: /home/marthen/ros2_ws/wheelchair_interfaces/install/wheelchair_interfaces/include/wheelchair_interfaces/wheelchair_interfaces/msg/rosidl_typesupport_fastrtps_cpp__visibility_control.h
[3.637s] -- Up-to-date: /home/marthen/ros2_ws/wheelchair_interfaces/install/wheelchair_interfaces/include/wheelchair_interfaces/wheelchair_interfaces/action
[3.637s] -- Up-to-date: /home/marthen/ros2_ws/wheelchair_interfaces/install/wheelchair_interfaces/include/wheelchair_interfaces/wheelchair_interfaces/action/detail
[3.637s] -- Installing: /home/marthen/ros2_ws/wheelchair_interfaces/install/wheelchair_interfaces/include/wheelchair_interfaces/wheelchair_interfaces/action/detail/move__rosidl_typesupport_fastrtps_cpp.hpp
[3.637s] -- Up-to-date: /home/marthen/ros2_ws/wheelchair_interfaces/install/wheelchair_interfaces/include/wheelchair_interfaces/wheelchair_interfaces/action/detail/dds_fastrtps
[3.637s] -- Installing: /home/marthen/ros2_ws/wheelchair_interfaces/install/wheelchair_interfaces/lib/libwheelchair_interfaces__rosidl_typesupport_fastrtps_cpp.so
[3.638s] -- Set runtime path of "/home/marthen/ros2_ws/wheelchair_interfaces/install/wheelchair_interfaces/lib/libwheelchair_interfaces__rosidl_typesupport_fastrtps_cpp.so" to ""
[3.638s] -- Up-to-date: /home/marthen/ros2_ws/wheelchair_interfaces/install/wheelchair_interfaces/include/wheelchair_interfaces/wheelchair_interfaces
[3.638s] -- Up-to-date: /home/marthen/ros2_ws/wheelchair_interfaces/install/wheelchair_interfaces/include/wheelchair_interfaces/wheelchair_interfaces/action
[3.638s] -- Up-to-date: /home/marthen/ros2_ws/wheelchair_interfaces/install/wheelchair_interfaces/include/wheelchair_interfaces/wheelchair_interfaces/action/detail
[3.638s] -- Installing: /home/marthen/ros2_ws/wheelchair_interfaces/install/wheelchair_interfaces/include/wheelchair_interfaces/wheelchair_interfaces/action/detail/move__type_support.cpp
[3.638s] -- Installing: /home/marthen/ros2_ws/wheelchair_interfaces/install/wheelchair_interfaces/include/wheelchair_interfaces/wheelchair_interfaces/action/detail/move__rosidl_typesupport_introspection_cpp.hpp
[3.638s] -- Installing: /home/marthen/ros2_ws/wheelchair_interfaces/install/wheelchair_interfaces/lib/libwheelchair_interfaces__rosidl_typesupport_introspection_cpp.so
[3.639s] -- Set runtime path of "/home/marthen/ros2_ws/wheelchair_interfaces/install/wheelchair_interfaces/lib/libwheelchair_interfaces__rosidl_typesupport_introspection_cpp.so" to ""
[3.639s] -- Installing: /home/marthen/ros2_ws/wheelchair_interfaces/install/wheelchair_interfaces/lib/libwheelchair_interfaces__rosidl_typesupport_cpp.so
[3.639s] -- Set runtime path of "/home/marthen/ros2_ws/wheelchair_interfaces/install/wheelchair_interfaces/lib/libwheelchair_interfaces__rosidl_typesupport_cpp.so" to ""
[3.639s] -- Up-to-date: /home/marthen/ros2_ws/wheelchair_interfaces/install/wheelchair_interfaces/share/wheelchair_interfaces/environment/pythonpath.sh
[3.639s] -- Installing: /home/marthen/ros2_ws/wheelchair_interfaces/install/wheelchair_interfaces/share/wheelchair_interfaces/environment/pythonpath.dsv
[3.639s] -- Up-to-date: /home/marthen/ros2_ws/wheelchair_interfaces/install/wheelchair_interfaces/local/lib/python3.10/dist-packages/wheelchair_interfaces-1.0.0-py3.10.egg-info
[3.640s] -- Installing: /home/marthen/ros2_ws/wheelchair_interfaces/install/wheelchair_interfaces/local/lib/python3.10/dist-packages/wheelchair_interfaces-1.0.0-py3.10.egg-info/top_level.txt
[3.640s] -- Installing: /home/marthen/ros2_ws/wheelchair_interfaces/install/wheelchair_interfaces/local/lib/python3.10/dist-packages/wheelchair_interfaces-1.0.0-py3.10.egg-info/PKG-INFO
[3.640s] -- Installing: /home/marthen/ros2_ws/wheelchair_interfaces/install/wheelchair_interfaces/local/lib/python3.10/dist-packages/wheelchair_interfaces-1.0.0-py3.10.egg-info/SOURCES.txt
[3.640s] -- Installing: /home/marthen/ros2_ws/wheelchair_interfaces/install/wheelchair_interfaces/local/lib/python3.10/dist-packages/wheelchair_interfaces-1.0.0-py3.10.egg-info/dependency_links.txt
[3.640s] -- Up-to-date: /home/marthen/ros2_ws/wheelchair_interfaces/install/wheelchair_interfaces/local/lib/python3.10/dist-packages/wheelchair_interfaces
[3.640s] -- Installing: /home/marthen/ros2_ws/wheelchair_interfaces/install/wheelchair_interfaces/local/lib/python3.10/dist-packages/wheelchair_interfaces/_wheelchair_interfaces_s.ep.rosidl_typesupport_c.c
[3.640s] -- Installing: /home/marthen/ros2_ws/wheelchair_interfaces/install/wheelchair_interfaces/local/lib/python3.10/dist-packages/wheelchair_interfaces/__init__.py
[3.641s] -- Installing: /home/marthen/ros2_ws/wheelchair_interfaces/install/wheelchair_interfaces/local/lib/python3.10/dist-packages/wheelchair_interfaces/wheelchair_interfaces_s__rosidl_typesupport_fastrtps_c.cpython-310-x86_64-linux-gnu.so
[3.641s] -- Installing: /home/marthen/ros2_ws/wheelchair_interfaces/install/wheelchair_interfaces/local/lib/python3.10/dist-packages/wheelchair_interfaces/wheelchair_interfaces_s__rosidl_typesupport_c.cpython-310-x86_64-linux-gnu.so
[3.641s] -- Installing: /home/marthen/ros2_ws/wheelchair_interfaces/install/wheelchair_interfaces/local/lib/python3.10/dist-packages/wheelchair_interfaces/wheelchair_interfaces_s__rosidl_typesupport_introspection_c.cpython-310-x86_64-linux-gnu.so
[3.641s] -- Installing: /home/marthen/ros2_ws/wheelchair_interfaces/install/wheelchair_interfaces/local/lib/python3.10/dist-packages/wheelchair_interfaces/_wheelchair_interfaces_s.ep.rosidl_typesupport_introspection_c.c
[3.641s] -- Installing: /home/marthen/ros2_ws/wheelchair_interfaces/install/wheelchair_interfaces/local/lib/python3.10/dist-packages/wheelchair_interfaces/_wheelchair_interfaces_s.ep.rosidl_typesupport_fastrtps_c.c
[3.642s] -- Installing: /home/marthen/ros2_ws/wheelchair_interfaces/install/wheelchair_interfaces/local/lib/python3.10/dist-packages/wheelchair_interfaces/libwheelchair_interfaces__rosidl_generator_py.so
[3.642s] -- Up-to-date: /home/marthen/ros2_ws/wheelchair_interfaces/install/wheelchair_interfaces/local/lib/python3.10/dist-packages/wheelchair_interfaces/action
[3.642s] -- Installing: /home/marthen/ros2_ws/wheelchair_interfaces/install/wheelchair_interfaces/local/lib/python3.10/dist-packages/wheelchair_interfaces/action/__init__.py
[3.642s] -- Installing: /home/marthen/ros2_ws/wheelchair_interfaces/install/wheelchair_interfaces/local/lib/python3.10/dist-packages/wheelchair_interfaces/action/_move.py
[3.642s] -- Installing: /home/marthen/ros2_ws/wheelchair_interfaces/install/wheelchair_interfaces/local/lib/python3.10/dist-packages/wheelchair_interfaces/action/_move_s.c
[3.671s] Listing '/home/marthen/ros2_ws/wheelchair_interfaces/install/wheelchair_interfaces/local/lib/python3.10/dist-packages/wheelchair_interfaces'...
[3.671s] Compiling '/home/marthen/ros2_ws/wheelchair_interfaces/install/wheelchair_interfaces/local/lib/python3.10/dist-packages/wheelchair_interfaces/__init__.py'...
[3.672s] Listing '/home/marthen/ros2_ws/wheelchair_interfaces/install/wheelchair_interfaces/local/lib/python3.10/dist-packages/wheelchair_interfaces/action'...
[3.672s] Compiling '/home/marthen/ros2_ws/wheelchair_interfaces/install/wheelchair_interfaces/local/lib/python3.10/dist-packages/wheelchair_interfaces/action/__init__.py'...
[3.672s] Compiling '/home/marthen/ros2_ws/wheelchair_interfaces/install/wheelchair_interfaces/local/lib/python3.10/dist-packages/wheelchair_interfaces/action/_move.py'...
[3.677s] -- Installing: /home/marthen/ros2_ws/wheelchair_interfaces/install/wheelchair_interfaces/local/lib/python3.10/dist-packages/wheelchair_interfaces/wheelchair_interfaces_s__rosidl_typesupport_fastrtps_c.cpython-310-x86_64-linux-gnu.so
[3.677s] -- Set runtime path of "/home/marthen/ros2_ws/wheelchair_interfaces/install/wheelchair_interfaces/local/lib/python3.10/dist-packages/wheelchair_interfaces/wheelchair_interfaces_s__rosidl_typesupport_fastrtps_c.cpython-310-x86_64-linux-gnu.so" to ""
[3.678s] -- Installing: /home/marthen/ros2_ws/wheelchair_interfaces/install/wheelchair_interfaces/local/lib/python3.10/dist-packages/wheelchair_interfaces/wheelchair_interfaces_s__rosidl_typesupport_introspection_c.cpython-310-x86_64-linux-gnu.so
[3.678s] -- Set runtime path of "/home/marthen/ros2_ws/wheelchair_interfaces/install/wheelchair_interfaces/local/lib/python3.10/dist-packages/wheelchair_interfaces/wheelchair_interfaces_s__rosidl_typesupport_introspection_c.cpython-310-x86_64-linux-gnu.so" to ""
[3.678s] -- Installing: /home/marthen/ros2_ws/wheelchair_interfaces/install/wheelchair_interfaces/local/lib/python3.10/dist-packages/wheelchair_interfaces/wheelchair_interfaces_s__rosidl_typesupport_c.cpython-310-x86_64-linux-gnu.so
[3.679s] -- Set runtime path of "/home/marthen/ros2_ws/wheelchair_interfaces/install/wheelchair_interfaces/local/lib/python3.10/dist-packages/wheelchair_interfaces/wheelchair_interfaces_s__rosidl_typesupport_c.cpython-310-x86_64-linux-gnu.so" to ""
[3.679s] -- Installing: /home/marthen/ros2_ws/wheelchair_interfaces/install/wheelchair_interfaces/lib/libwheelchair_interfaces__rosidl_generator_py.so
[3.679s] -- Set runtime path of "/home/marthen/ros2_ws/wheelchair_interfaces/install/wheelchair_interfaces/lib/libwheelchair_interfaces__rosidl_generator_py.so" to ""
[3.679s] -- Installing: /home/marthen/ros2_ws/wheelchair_interfaces/install/wheelchair_interfaces/share/wheelchair_interfaces/action/Move.idl
[3.679s] -- Installing: /home/marthen/ros2_ws/wheelchair_interfaces/install/wheelchair_interfaces/share/wheelchair_interfaces/action/Move.action
[3.680s] -- Up-to-date: /home/marthen/ros2_ws/wheelchair_interfaces/install/wheelchair_interfaces/share/ament_index/resource_index/package_run_dependencies/wheelchair_interfaces
[3.680s] -- Up-to-date: /home/marthen/ros2_ws/wheelchair_interfaces/install/wheelchair_interfaces/share/ament_index/resource_index/parent_prefix_path/wheelchair_interfaces
[3.680s] -- Up-to-date: /home/marthen/ros2_ws/wheelchair_interfaces/install/wheelchair_interfaces/share/wheelchair_interfaces/environment/ament_prefix_path.sh
[3.680s] -- Installing: /home/marthen/ros2_ws/wheelchair_interfaces/install/wheelchair_interfaces/share/wheelchair_interfaces/environment/ament_prefix_path.dsv
[3.680s] -- Up-to-date: /home/marthen/ros2_ws/wheelchair_interfaces/install/wheelchair_interfaces/share/wheelchair_interfaces/environment/path.sh
[3.680s] -- Installing: /home/marthen/ros2_ws/wheelchair_interfaces/install/wheelchair_interfaces/share/wheelchair_interfaces/environment/path.dsv
[3.680s] -- Up-to-date: /home/marthen/ros2_ws/wheelchair_interfaces/install/wheelchair_interfaces/share/wheelchair_interfaces/local_setup.bash
[3.680s] -- Up-to-date: /home/marthen/ros2_ws/wheelchair_interfaces/install/wheelchair_interfaces/share/wheelchair_interfaces/local_setup.sh
[3.680s] -- Up-to-date: /home/marthen/ros2_ws/wheelchair_interfaces/install/wheelchair_interfaces/share/wheelchair_interfaces/local_setup.zsh
[3.680s] -- Installing: /home/marthen/ros2_ws/wheelchair_interfaces/install/wheelchair_interfaces/share/wheelchair_interfaces/local_setup.dsv
[3.681s] -- Installing: /home/marthen/ros2_ws/wheelchair_interfaces/install/wheelchair_interfaces/share/wheelchair_interfaces/package.dsv
[3.681s] -- Up-to-date: /home/marthen/ros2_ws/wheelchair_interfaces/install/wheelchair_interfaces/share/ament_index/resource_index/packages/wheelchair_interfaces
[3.681s] -- Up-to-date: /home/marthen/ros2_ws/wheelchair_interfaces/install/wheelchair_interfaces/share/wheelchair_interfaces/cmake/export_wheelchair_interfaces__rosidl_generator_cExport.cmake
[3.681s] -- Up-to-date: /home/marthen/ros2_ws/wheelchair_interfaces/install/wheelchair_interfaces/share/wheelchair_interfaces/cmake/export_wheelchair_interfaces__rosidl_generator_cExport-noconfig.cmake
[3.681s] -- Up-to-date: /home/marthen/ros2_ws/wheelchair_interfaces/install/wheelchair_interfaces/share/wheelchair_interfaces/cmake/export_wheelchair_interfaces__rosidl_typesupport_fastrtps_cExport.cmake
[3.681s] -- Up-to-date: /home/marthen/ros2_ws/wheelchair_interfaces/install/wheelchair_interfaces/share/wheelchair_interfaces/cmake/export_wheelchair_interfaces__rosidl_typesupport_fastrtps_cExport-noconfig.cmake
[3.681s] -- Up-to-date: /home/marthen/ros2_ws/wheelchair_interfaces/install/wheelchair_interfaces/share/wheelchair_interfaces/cmake/wheelchair_interfaces__rosidl_typesupport_introspection_cExport.cmake
[3.681s] -- Up-to-date: /home/marthen/ros2_ws/wheelchair_interfaces/install/wheelchair_interfaces/share/wheelchair_interfaces/cmake/wheelchair_interfaces__rosidl_typesupport_introspection_cExport-noconfig.cmake
[3.681s] -- Up-to-date: /home/marthen/ros2_ws/wheelchair_interfaces/install/wheelchair_interfaces/share/wheelchair_interfaces/cmake/wheelchair_interfaces__rosidl_typesupport_cExport.cmake
[3.681s] -- Up-to-date: /home/marthen/ros2_ws/wheelchair_interfaces/install/wheelchair_interfaces/share/wheelchair_interfaces/cmake/wheelchair_interfaces__rosidl_typesupport_cExport-noconfig.cmake
[3.681s] -- Up-to-date: /home/marthen/ros2_ws/wheelchair_interfaces/install/wheelchair_interfaces/share/wheelchair_interfaces/cmake/export_wheelchair_interfaces__rosidl_generator_cppExport.cmake
[3.681s] -- Up-to-date: /home/marthen/ros2_ws/wheelchair_interfaces/install/wheelchair_interfaces/share/wheelchair_interfaces/cmake/export_wheelchair_interfaces__rosidl_typesupport_fastrtps_cppExport.cmake
[3.681s] -- Up-to-date: /home/marthen/ros2_ws/wheelchair_interfaces/install/wheelchair_interfaces/share/wheelchair_interfaces/cmake/export_wheelchair_interfaces__rosidl_typesupport_fastrtps_cppExport-noconfig.cmake
[3.681s] -- Up-to-date: /home/marthen/ros2_ws/wheelchair_interfaces/install/wheelchair_interfaces/share/wheelchair_interfaces/cmake/wheelchair_interfaces__rosidl_typesupport_introspection_cppExport.cmake
[3.681s] -- Up-to-date: /home/marthen/ros2_ws/wheelchair_interfaces/install/wheelchair_interfaces/share/wheelchair_interfaces/cmake/wheelchair_interfaces__rosidl_typesupport_introspection_cppExport-noconfig.cmake
[3.682s] -- Up-to-date: /home/marthen/ros2_ws/wheelchair_interfaces/install/wheelchair_interfaces/share/wheelchair_interfaces/cmake/wheelchair_interfaces__rosidl_typesupport_cppExport.cmake
[3.682s] -- Up-to-date: /home/marthen/ros2_ws/wheelchair_interfaces/install/wheelchair_interfaces/share/wheelchair_interfaces/cmake/wheelchair_interfaces__rosidl_typesupport_cppExport-noconfig.cmake
[3.682s] -- Up-to-date: /home/marthen/ros2_ws/wheelchair_interfaces/install/wheelchair_interfaces/share/wheelchair_interfaces/cmake/export_wheelchair_interfaces__rosidl_generator_pyExport.cmake
[3.682s] -- Up-to-date: /home/marthen/ros2_ws/wheelchair_interfaces/install/wheelchair_interfaces/share/wheelchair_interfaces/cmake/export_wheelchair_interfaces__rosidl_generator_pyExport-noconfig.cmake
[3.682s] -- Up-to-date: /home/marthen/ros2_ws/wheelchair_interfaces/install/wheelchair_interfaces/share/wheelchair_interfaces/cmake/rosidl_cmake-extras.cmake
[3.682s] -- Up-to-date: /home/marthen/ros2_ws/wheelchair_interfaces/install/wheelchair_interfaces/share/wheelchair_interfaces/cmake/ament_cmake_export_dependencies-extras.cmake
[3.682s] -- Up-to-date: /home/marthen/ros2_ws/wheelchair_interfaces/install/wheelchair_interfaces/share/wheelchair_interfaces/cmake/ament_cmake_export_include_directories-extras.cmake
[3.682s] -- Up-to-date: /home/marthen/ros2_ws/wheelchair_interfaces/install/wheelchair_interfaces/share/wheelchair_interfaces/cmake/ament_cmake_export_libraries-extras.cmake
[3.682s] -- Up-to-date: /home/marthen/ros2_ws/wheelchair_interfaces/install/wheelchair_interfaces/share/wheelchair_interfaces/cmake/ament_cmake_export_targets-extras.cmake
[3.682s] -- Up-to-date: /home/marthen/ros2_ws/wheelchair_interfaces/install/wheelchair_interfaces/share/wheelchair_interfaces/cmake/rosidl_cmake_export_typesupport_targets-extras.cmake
[3.682s] -- Up-to-date: /home/marthen/ros2_ws/wheelchair_interfaces/install/wheelchair_interfaces/share/wheelchair_interfaces/cmake/rosidl_cmake_export_typesupport_libraries-extras.cmake
[3.682s] -- Up-to-date: /home/marthen/ros2_ws/wheelchair_interfaces/install/wheelchair_interfaces/share/wheelchair_interfaces/cmake/wheelchair_interfacesConfig.cmake
[3.682s] -- Up-to-date: /home/marthen/ros2_ws/wheelchair_interfaces/install/wheelchair_interfaces/share/wheelchair_interfaces/cmake/wheelchair_interfacesConfig-version.cmake
[3.682s] -- Up-to-date: /home/marthen/ros2_ws/wheelchair_interfaces/install/wheelchair_interfaces/share/wheelchair_interfaces/package.xml
[3.684s] Invoked command in '/home/marthen/ros2_ws/wheelchair_interfaces/build/wheelchair_interfaces' returned '0': CMAKE_PREFIX_PATH=/opt/ros/humble /usr/bin/cmake --install /home/marthen/ros2_ws/wheelchair_interfaces/build/wheelchair_interfaces
