[0.994s] DEBUG:colcon:Command line arguments: ['/usr/bin/colcon', 'build']
[0.994s] DEBUG:colcon:Parsed command line arguments: Namespace(log_base=None, log_level=None, verb_name='build', build_base='build', install_base='install', merge_install=False, symlink_install=False, test_result_base=None, continue_on_error=False, executor='parallel', parallel_workers=16, event_handlers=None, ignore_user_meta=False, metas=['./colcon.meta'], base_paths=['.'], packages_ignore=None, packages_ignore_regex=None, paths=None, packages_up_to=None, packages_up_to_regex=None, packages_above=None, packages_above_and_dependencies=None, packages_above_depth=None, packages_select_by_dep=None, packages_skip_by_dep=None, packages_skip_up_to=None, packages_select_build_failed=False, packages_skip_build_finished=False, packages_select_test_failures=False, packages_skip_test_passed=False, packages_select=None, packages_skip=None, packages_select_regex=None, packages_skip_regex=None, packages_start=None, packages_end=None, allow_overriding=[], cmake_args=None, cmake_target=None, cmake_target_skip_unavailable=False, cmake_clean_cache=False, cmake_clean_first=False, cmake_force_configure=False, ament_cmake_args=None, catkin_cmake_args=None, catkin_skip_building_tests=False, verb_parser=<colcon_defaults.argument_parser.defaults.DefaultArgumentsDecorator object at 0x7f5a68d6bf10>, verb_extension=<colcon_core.verb.build.BuildVerb object at 0x7f5a68d6a140>, main=<bound method BuildVerb.main of <colcon_core.verb.build.BuildVerb object at 0x7f5a68d6a140>>)
[1.039s] Level 1:colcon.colcon_core.package_discovery:discover_packages(colcon_meta) check parameters
[1.039s] Level 1:colcon.colcon_core.package_discovery:discover_packages(recursive) check parameters
[1.039s] Level 1:colcon.colcon_core.package_discovery:discover_packages(ignore) check parameters
[1.039s] Level 1:colcon.colcon_core.package_discovery:discover_packages(path) check parameters
[1.039s] Level 1:colcon.colcon_core.package_discovery:discover_packages(colcon_meta) discover
[1.039s] Level 1:colcon.colcon_core.package_discovery:discover_packages(recursive) discover
[1.039s] INFO:colcon.colcon_core.package_discovery:Crawling recursively for packages in '/home/marthen/ros2_ws/wheelchair_interfaces'
[1.039s] Level 1:colcon.colcon_core.package_identification:_identify(.) by extensions ['ignore', 'ignore_ament_install']
[1.039s] Level 1:colcon.colcon_core.package_identification:_identify(.) by extension 'ignore'
[1.039s] Level 1:colcon.colcon_core.package_identification:_identify(.) by extension 'ignore_ament_install'
[1.039s] Level 1:colcon.colcon_core.package_identification:_identify(.) by extensions ['colcon_pkg']
[1.039s] Level 1:colcon.colcon_core.package_identification:_identify(.) by extension 'colcon_pkg'
[1.039s] Level 1:colcon.colcon_core.package_identification:_identify(.) by extensions ['colcon_meta']
[1.039s] Level 1:colcon.colcon_core.package_identification:_identify(.) by extension 'colcon_meta'
[1.039s] Level 1:colcon.colcon_core.package_identification:_identify(.) by extensions ['ros']
[1.039s] Level 1:colcon.colcon_core.package_identification:_identify(.) by extension 'ros'
[1.051s] DEBUG:colcon.colcon_core.package_identification:Package '.' with type 'ros.ament_cmake' and name 'wheelchair_interfaces'
[1.051s] Level 1:colcon.colcon_core.package_discovery:discover_packages(recursive) using defaults
[1.051s] Level 1:colcon.colcon_core.package_discovery:discover_packages(ignore) discover
[1.051s] Level 1:colcon.colcon_core.package_discovery:discover_packages(ignore) using defaults
[1.051s] Level 1:colcon.colcon_core.package_discovery:discover_packages(path) discover
[1.051s] Level 1:colcon.colcon_core.package_discovery:discover_packages(path) using defaults
[1.140s] Level 1:colcon.colcon_core.package_discovery:discover_packages(prefix_path) check parameters
[1.140s] Level 1:colcon.colcon_core.package_discovery:discover_packages(prefix_path) discover
[1.189s] DEBUG:colcon.colcon_installed_package_information.package_discovery:Found 285 installed packages in /opt/ros/humble
[1.190s] Level 1:colcon.colcon_core.package_discovery:discover_packages(prefix_path) using defaults
[1.266s] Level 5:colcon.colcon_core.verb:set package 'wheelchair_interfaces' build argument 'cmake_args' from command line to 'None'
[1.267s] Level 5:colcon.colcon_core.verb:set package 'wheelchair_interfaces' build argument 'cmake_target' from command line to 'None'
[1.267s] Level 5:colcon.colcon_core.verb:set package 'wheelchair_interfaces' build argument 'cmake_target_skip_unavailable' from command line to 'False'
[1.267s] Level 5:colcon.colcon_core.verb:set package 'wheelchair_interfaces' build argument 'cmake_clean_cache' from command line to 'False'
[1.267s] Level 5:colcon.colcon_core.verb:set package 'wheelchair_interfaces' build argument 'cmake_clean_first' from command line to 'False'
[1.267s] Level 5:colcon.colcon_core.verb:set package 'wheelchair_interfaces' build argument 'cmake_force_configure' from command line to 'False'
[1.267s] Level 5:colcon.colcon_core.verb:set package 'wheelchair_interfaces' build argument 'ament_cmake_args' from command line to 'None'
[1.267s] Level 5:colcon.colcon_core.verb:set package 'wheelchair_interfaces' build argument 'catkin_cmake_args' from command line to 'None'
[1.267s] Level 5:colcon.colcon_core.verb:set package 'wheelchair_interfaces' build argument 'catkin_skip_building_tests' from command line to 'False'
[1.267s] DEBUG:colcon.colcon_core.verb:Building package 'wheelchair_interfaces' with the following arguments: {'ament_cmake_args': None, 'build_base': '/home/marthen/ros2_ws/wheelchair_interfaces/build/wheelchair_interfaces', 'catkin_cmake_args': None, 'catkin_skip_building_tests': False, 'cmake_args': None, 'cmake_clean_cache': False, 'cmake_clean_first': False, 'cmake_force_configure': False, 'cmake_target': None, 'cmake_target_skip_unavailable': False, 'install_base': '/home/marthen/ros2_ws/wheelchair_interfaces/install/wheelchair_interfaces', 'merge_install': False, 'path': '/home/marthen/ros2_ws/wheelchair_interfaces', 'symlink_install': False, 'test_result_base': None}
[1.281s] INFO:colcon.colcon_core.executor:Executing jobs using 'parallel' executor
[1.296s] DEBUG:colcon.colcon_parallel_executor.executor.parallel:run_until_complete
[1.297s] INFO:colcon.colcon_ros.task.ament_cmake.build:Building ROS package in '/home/marthen/ros2_ws/wheelchair_interfaces' with build type 'ament_cmake'
[1.297s] INFO:colcon.colcon_cmake.task.cmake.build:Building CMake package in '/home/marthen/ros2_ws/wheelchair_interfaces'
[1.313s] INFO:colcon.colcon_core.plugin_system:Skipping extension 'colcon_core.shell.bat': Not used on non-Windows systems
[1.313s] INFO:colcon.colcon_core.shell:Skip shell extension 'powershell' for command environment: Not usable outside of PowerShell
[1.313s] DEBUG:colcon.colcon_core.shell:Skip shell extension 'dsv' for command environment
[1.353s] DEBUG:colcon.colcon_core.event_handler.log_command:Invoking command in '/home/marthen/ros2_ws/wheelchair_interfaces/build/wheelchair_interfaces': CMAKE_PREFIX_PATH=/opt/ros/humble /usr/bin/cmake --build /home/marthen/ros2_ws/wheelchair_interfaces/build/wheelchair_interfaces -- -j16 -l16
[4.843s] DEBUG:colcon.colcon_core.event_handler.log_command:Invoked command in '/home/marthen/ros2_ws/wheelchair_interfaces/build/wheelchair_interfaces' returned '0': CMAKE_PREFIX_PATH=/opt/ros/humble /usr/bin/cmake --build /home/marthen/ros2_ws/wheelchair_interfaces/build/wheelchair_interfaces -- -j16 -l16
[4.920s] DEBUG:colcon.colcon_core.event_handler.log_command:Invoking command in '/home/marthen/ros2_ws/wheelchair_interfaces/build/wheelchair_interfaces': CMAKE_PREFIX_PATH=/opt/ros/humble /usr/bin/cmake --install /home/marthen/ros2_ws/wheelchair_interfaces/build/wheelchair_interfaces
[4.981s] Level 1:colcon.colcon_core.environment:create_environment_scripts_only(wheelchair_interfaces)
[4.982s] DEBUG:colcon.colcon_core.event_handler.log_command:Invoked command in '/home/marthen/ros2_ws/wheelchair_interfaces/build/wheelchair_interfaces' returned '0': CMAKE_PREFIX_PATH=/opt/ros/humble /usr/bin/cmake --install /home/marthen/ros2_ws/wheelchair_interfaces/build/wheelchair_interfaces
[4.998s] Level 1:colcon.colcon_core.environment:checking '/home/marthen/ros2_ws/wheelchair_interfaces/install/wheelchair_interfaces' for CMake module files
[4.998s] Level 1:colcon.colcon_core.environment:checking '/home/marthen/ros2_ws/wheelchair_interfaces/install/wheelchair_interfaces' for CMake config files
[4.999s] Level 1:colcon.colcon_core.shell:create_environment_hook('wheelchair_interfaces', 'cmake_prefix_path')
[5.013s] INFO:colcon.colcon_core.shell:Creating environment hook '/home/marthen/ros2_ws/wheelchair_interfaces/install/wheelchair_interfaces/share/wheelchair_interfaces/hook/cmake_prefix_path.ps1'
[5.014s] INFO:colcon.colcon_core.shell:Creating environment descriptor '/home/marthen/ros2_ws/wheelchair_interfaces/install/wheelchair_interfaces/share/wheelchair_interfaces/hook/cmake_prefix_path.dsv'
[5.014s] INFO:colcon.colcon_core.shell:Creating environment hook '/home/marthen/ros2_ws/wheelchair_interfaces/install/wheelchair_interfaces/share/wheelchair_interfaces/hook/cmake_prefix_path.sh'
[5.015s] Level 1:colcon.colcon_core.environment:checking '/home/marthen/ros2_ws/wheelchair_interfaces/install/wheelchair_interfaces/lib'
[5.015s] Level 1:colcon.colcon_core.shell:create_environment_hook('wheelchair_interfaces', 'ld_library_path_lib')
[5.029s] INFO:colcon.colcon_core.shell:Creating environment hook '/home/marthen/ros2_ws/wheelchair_interfaces/install/wheelchair_interfaces/share/wheelchair_interfaces/hook/ld_library_path_lib.ps1'
[5.030s] INFO:colcon.colcon_core.shell:Creating environment descriptor '/home/marthen/ros2_ws/wheelchair_interfaces/install/wheelchair_interfaces/share/wheelchair_interfaces/hook/ld_library_path_lib.dsv'
[5.030s] INFO:colcon.colcon_core.shell:Creating environment hook '/home/marthen/ros2_ws/wheelchair_interfaces/install/wheelchair_interfaces/share/wheelchair_interfaces/hook/ld_library_path_lib.sh'
[5.030s] Level 1:colcon.colcon_core.environment:checking '/home/marthen/ros2_ws/wheelchair_interfaces/install/wheelchair_interfaces/bin'
[5.030s] Level 1:colcon.colcon_core.environment:checking '/home/marthen/ros2_ws/wheelchair_interfaces/install/wheelchair_interfaces/lib/pkgconfig/wheelchair_interfaces.pc'
[5.031s] Level 1:colcon.colcon_core.environment:checking '/home/marthen/ros2_ws/wheelchair_interfaces/install/wheelchair_interfaces/lib/python3.10/site-packages'
[5.031s] Level 1:colcon.colcon_core.environment:checking '/home/marthen/ros2_ws/wheelchair_interfaces/install/wheelchair_interfaces/bin'
[5.046s] INFO:colcon.colcon_core.shell:Creating package script '/home/marthen/ros2_ws/wheelchair_interfaces/install/wheelchair_interfaces/share/wheelchair_interfaces/package.ps1'
[5.046s] INFO:colcon.colcon_core.shell:Creating package descriptor '/home/marthen/ros2_ws/wheelchair_interfaces/install/wheelchair_interfaces/share/wheelchair_interfaces/package.dsv'
[5.047s] INFO:colcon.colcon_core.shell:Creating package script '/home/marthen/ros2_ws/wheelchair_interfaces/install/wheelchair_interfaces/share/wheelchair_interfaces/package.sh'
[5.047s] INFO:colcon.colcon_core.shell:Creating package script '/home/marthen/ros2_ws/wheelchair_interfaces/install/wheelchair_interfaces/share/wheelchair_interfaces/package.bash'
[5.048s] INFO:colcon.colcon_core.shell:Creating package script '/home/marthen/ros2_ws/wheelchair_interfaces/install/wheelchair_interfaces/share/wheelchair_interfaces/package.zsh'
[5.048s] Level 1:colcon.colcon_core.environment:create_file_with_runtime_dependencies(/home/marthen/ros2_ws/wheelchair_interfaces/install/wheelchair_interfaces/share/colcon-core/packages/wheelchair_interfaces)
[5.132s] Level 1:colcon.colcon_core.environment:create_environment_scripts_only(wheelchair_interfaces)
[5.147s] Level 1:colcon.colcon_core.environment:checking '/home/marthen/ros2_ws/wheelchair_interfaces/install/wheelchair_interfaces' for CMake module files
[5.147s] Level 1:colcon.colcon_core.environment:checking '/home/marthen/ros2_ws/wheelchair_interfaces/install/wheelchair_interfaces' for CMake config files
[5.148s] Level 1:colcon.colcon_core.shell:create_environment_hook('wheelchair_interfaces', 'cmake_prefix_path')
[5.163s] INFO:colcon.colcon_core.shell:Creating environment hook '/home/marthen/ros2_ws/wheelchair_interfaces/install/wheelchair_interfaces/share/wheelchair_interfaces/hook/cmake_prefix_path.ps1'
[5.163s] INFO:colcon.colcon_core.shell:Creating environment descriptor '/home/marthen/ros2_ws/wheelchair_interfaces/install/wheelchair_interfaces/share/wheelchair_interfaces/hook/cmake_prefix_path.dsv'
[5.163s] INFO:colcon.colcon_core.shell:Creating environment hook '/home/marthen/ros2_ws/wheelchair_interfaces/install/wheelchair_interfaces/share/wheelchair_interfaces/hook/cmake_prefix_path.sh'
[5.164s] Level 1:colcon.colcon_core.environment:checking '/home/marthen/ros2_ws/wheelchair_interfaces/install/wheelchair_interfaces/lib'
[5.164s] Level 1:colcon.colcon_core.shell:create_environment_hook('wheelchair_interfaces', 'ld_library_path_lib')
[5.179s] INFO:colcon.colcon_core.shell:Creating environment hook '/home/marthen/ros2_ws/wheelchair_interfaces/install/wheelchair_interfaces/share/wheelchair_interfaces/hook/ld_library_path_lib.ps1'
[5.180s] INFO:colcon.colcon_core.shell:Creating environment descriptor '/home/marthen/ros2_ws/wheelchair_interfaces/install/wheelchair_interfaces/share/wheelchair_interfaces/hook/ld_library_path_lib.dsv'
[5.180s] INFO:colcon.colcon_core.shell:Creating environment hook '/home/marthen/ros2_ws/wheelchair_interfaces/install/wheelchair_interfaces/share/wheelchair_interfaces/hook/ld_library_path_lib.sh'
[5.180s] Level 1:colcon.colcon_core.environment:checking '/home/marthen/ros2_ws/wheelchair_interfaces/install/wheelchair_interfaces/bin'
[5.180s] Level 1:colcon.colcon_core.environment:checking '/home/marthen/ros2_ws/wheelchair_interfaces/install/wheelchair_interfaces/lib/pkgconfig/wheelchair_interfaces.pc'
[5.180s] Level 1:colcon.colcon_core.environment:checking '/home/marthen/ros2_ws/wheelchair_interfaces/install/wheelchair_interfaces/lib/python3.10/site-packages'
[5.181s] Level 1:colcon.colcon_core.environment:checking '/home/marthen/ros2_ws/wheelchair_interfaces/install/wheelchair_interfaces/bin'
[5.196s] INFO:colcon.colcon_core.shell:Creating package script '/home/marthen/ros2_ws/wheelchair_interfaces/install/wheelchair_interfaces/share/wheelchair_interfaces/package.ps1'
[5.196s] INFO:colcon.colcon_core.shell:Creating package descriptor '/home/marthen/ros2_ws/wheelchair_interfaces/install/wheelchair_interfaces/share/wheelchair_interfaces/package.dsv'
[5.197s] INFO:colcon.colcon_core.shell:Creating package script '/home/marthen/ros2_ws/wheelchair_interfaces/install/wheelchair_interfaces/share/wheelchair_interfaces/package.sh'
[5.197s] INFO:colcon.colcon_core.shell:Creating package script '/home/marthen/ros2_ws/wheelchair_interfaces/install/wheelchair_interfaces/share/wheelchair_interfaces/package.bash'
[5.197s] INFO:colcon.colcon_core.shell:Creating package script '/home/marthen/ros2_ws/wheelchair_interfaces/install/wheelchair_interfaces/share/wheelchair_interfaces/package.zsh'
[5.198s] Level 1:colcon.colcon_core.environment:create_file_with_runtime_dependencies(/home/marthen/ros2_ws/wheelchair_interfaces/install/wheelchair_interfaces/share/colcon-core/packages/wheelchair_interfaces)
[5.198s] DEBUG:colcon.colcon_parallel_executor.executor.parallel:closing loop
[5.198s] DEBUG:colcon.colcon_parallel_executor.executor.parallel:loop closed
[5.198s] DEBUG:colcon.colcon_parallel_executor.executor.parallel:run_until_complete finished with '0'
[5.198s] DEBUG:colcon.colcon_core.event_reactor:joining thread
[5.218s] INFO:colcon.colcon_core.plugin_system:Skipping extension 'colcon_notification.desktop_notification.terminal_notifier': Not used on non-Darwin systems
[5.218s] INFO:colcon.colcon_core.plugin_system:Skipping extension 'colcon_notification.desktop_notification.win32': Not used on non-Windows systems
[5.218s] INFO:colcon.colcon_notification.desktop_notification:Sending desktop notification using 'notify2'
[5.227s] DEBUG:colcon.colcon_core.event_reactor:joined thread
[5.243s] INFO:colcon.colcon_core.shell:Creating prefix script '/home/marthen/ros2_ws/wheelchair_interfaces/install/local_setup.ps1'
[5.244s] INFO:colcon.colcon_core.shell:Creating prefix util module '/home/marthen/ros2_ws/wheelchair_interfaces/install/_local_setup_util_ps1.py'
[5.245s] INFO:colcon.colcon_core.shell:Creating prefix chain script '/home/marthen/ros2_ws/wheelchair_interfaces/install/setup.ps1'
[5.261s] INFO:colcon.colcon_core.shell:Creating prefix script '/home/marthen/ros2_ws/wheelchair_interfaces/install/local_setup.sh'
[5.261s] INFO:colcon.colcon_core.shell:Creating prefix util module '/home/marthen/ros2_ws/wheelchair_interfaces/install/_local_setup_util_sh.py'
[5.262s] INFO:colcon.colcon_core.shell:Creating prefix chain script '/home/marthen/ros2_ws/wheelchair_interfaces/install/setup.sh'
[5.277s] INFO:colcon.colcon_core.shell:Creating prefix script '/home/marthen/ros2_ws/wheelchair_interfaces/install/local_setup.bash'
[5.278s] INFO:colcon.colcon_core.shell:Creating prefix chain script '/home/marthen/ros2_ws/wheelchair_interfaces/install/setup.bash'
[5.293s] INFO:colcon.colcon_core.shell:Creating prefix script '/home/marthen/ros2_ws/wheelchair_interfaces/install/local_setup.zsh'
[5.294s] INFO:colcon.colcon_core.shell:Creating prefix chain script '/home/marthen/ros2_ws/wheelchair_interfaces/install/setup.zsh'
