[0.053s] Invoking command in '/home/marthen/ros2_ws/wheelchair_interfaces/build/wheelchair_interfaces': CMAKE_PREFIX_PATH=/opt/ros/humble /usr/bin/cmake /home/marthen/ros2_ws/wheelchair_interfaces -DCMAKE_INSTALL_PREFIX=/home/marthen/ros2_ws/wheelchair_interfaces/install/wheelchair_interfaces
[0.122s] -- The C compiler identification is GNU 11.4.0
[0.178s] -- The CXX compiler identification is GNU 11.4.0
[0.188s] -- Detecting C compiler ABI info
[0.260s] -- Detecting C compiler ABI info - done
[0.265s] -- Check for working C compiler: /usr/bin/cc - skipped
[0.266s] -- Detecting C compile features
[0.266s] -- Detecting C compile features - done
[0.269s] -- Detecting CXX compiler ABI info
[0.348s] -- Detecting CXX compiler ABI info - done
[0.361s] -- Check for working CXX compiler: /usr/bin/c++ - skipped
[0.361s] -- Detecting CXX compile features
[0.362s] -- Detecting CXX compile features - done
[0.366s] -- Found ament_cmake: 1.3.6 (/opt/ros/humble/share/ament_cmake/cmake)
[0.513s] -- Found Python3: /usr/bin/python3.10 (found version "3.10.12") found components: Interpreter 
[0.581s] -- Found rosidl_default_generators: 1.2.0 (/opt/ros/humble/share/rosidl_default_generators/cmake)
[0.582s] -- Using all available rosidl_typesupport_c: rosidl_typesupport_fastrtps_c;rosidl_typesupport_introspection_c
[0.587s] -- Found rosidl_adapter: 3.1.5 (/opt/ros/humble/share/rosidl_adapter/cmake)
[0.619s] -- Using all available rosidl_typesupport_cpp: rosidl_typesupport_fastrtps_cpp;rosidl_typesupport_introspection_cpp
[0.901s] -- Found ament_cmake_ros: 0.10.0 (/opt/ros/humble/share/ament_cmake_ros/cmake)
[1.054s] -- Using all available rosidl_typesupport_c: rosidl_typesupport_fastrtps_c;rosidl_typesupport_introspection_c
[1.255s] -- Using all available rosidl_typesupport_cpp: rosidl_typesupport_fastrtps_cpp;rosidl_typesupport_introspection_cpp
[1.275s] -- Found PythonInterp: /usr/bin/python3 (found suitable version "3.10.12", minimum required is "3.6") 
[1.276s] -- Found python_cmake_module: 0.10.0 (/opt/ros/humble/share/python_cmake_module/cmake)
[1.299s] -- Found PythonLibs: /usr/lib/x86_64-linux-gnu/libpython3.10.so (found suitable version "3.10.12", minimum required is "3.5") 
[1.299s] -- Using PYTHON_EXECUTABLE: /usr/bin/python3
[1.299s] -- Using PYTHON_INCLUDE_DIRS: /usr/include/python3.10
[1.300s] -- Using PYTHON_LIBRARIES: /usr/lib/x86_64-linux-gnu/libpython3.10.so
[1.317s] -- Found PythonExtra: .so  
[1.353s] -- Configuring done
[1.382s] -- Generating done
[1.384s] -- Build files have been written to: /home/marthen/ros2_ws/wheelchair_interfaces/build/wheelchair_interfaces
[1.391s] Invoked command in '/home/marthen/ros2_ws/wheelchair_interfaces/build/wheelchair_interfaces' returned '0': CMAKE_PREFIX_PATH=/opt/ros/humble /usr/bin/cmake /home/marthen/ros2_ws/wheelchair_interfaces -DCMAKE_INSTALL_PREFIX=/home/marthen/ros2_ws/wheelchair_interfaces/install/wheelchair_interfaces
[1.394s] Invoking command in '/home/marthen/ros2_ws/wheelchair_interfaces/build/wheelchair_interfaces': CMAKE_PREFIX_PATH=/opt/ros/humble /usr/bin/cmake --build /home/marthen/ros2_ws/wheelchair_interfaces/build/wheelchair_interfaces -- -j16 -l16
[1.438s] [  3%] [34m[1mGenerating C code for ROS interfaces[0m
[1.450s] [  6%] [34m[1mGenerating C++ code for ROS interfaces[0m
[1.460s] [  6%] Built target ament_cmake_python_copy_wheelchair_interfaces
[1.719s] running egg_info
[1.719s] creating wheelchair_interfaces.egg-info
[1.719s] writing wheelchair_interfaces.egg-info/PKG-INFO
[1.719s] writing dependency_links to wheelchair_interfaces.egg-info/dependency_links.txt
[1.720s] writing top-level names to wheelchair_interfaces.egg-info/top_level.txt
[1.720s] writing manifest file 'wheelchair_interfaces.egg-info/SOURCES.txt'
[1.722s] reading manifest file 'wheelchair_interfaces.egg-info/SOURCES.txt'
[1.722s] writing manifest file 'wheelchair_interfaces.egg-info/SOURCES.txt'
[1.757s] [  6%] Built target ament_cmake_python_build_wheelchair_interfaces_egg
[1.815s] [  9%] [32mBuilding C object CMakeFiles/wheelchair_interfaces__rosidl_generator_c.dir/rosidl_generator_c/wheelchair_interfaces/action/detail/move__functions.c.o[0m
[1.822s] [  9%] Built target wheelchair_interfaces__cpp
[1.834s] [ 19%] [34m[1mGenerating C++ type support dispatch for ROS interfaces[0m
[1.834s] [ 19%] [34m[1mGenerating C++ introspection for ROS interfaces[0m
[1.834s] [ 19%] [34m[1mGenerating C++ type support for eProsima Fast-RTPS[0m
[1.934s] [ 22%] [32m[1mLinking C shared library libwheelchair_interfaces__rosidl_generator_c.so[0m
[1.979s] [ 22%] Built target wheelchair_interfaces__rosidl_generator_c
[1.993s] [ 32%] [34m[1mGenerating C type support dispatch for ROS interfaces[0m
[1.993s] [ 32%] [34m[1mGenerating C type support for eProsima Fast-RTPS[0m
[1.993s] [ 32%] [34m[1mGenerating C introspection for ROS interfaces[0m
[2.131s] [ 35%] [32mBuilding CXX object CMakeFiles/wheelchair_interfaces__rosidl_typesupport_cpp.dir/rosidl_typesupport_cpp/wheelchair_interfaces/action/move__type_support.cpp.o[0m
[2.200s] [ 38%] [32mBuilding CXX object CMakeFiles/wheelchair_interfaces__rosidl_typesupport_introspection_cpp.dir/rosidl_typesupport_introspection_cpp/wheelchair_interfaces/action/detail/move__type_support.cpp.o[0m
[2.238s] [ 41%] [32mBuilding CXX object CMakeFiles/wheelchair_interfaces__rosidl_typesupport_fastrtps_cpp.dir/rosidl_typesupport_fastrtps_cpp/wheelchair_interfaces/action/detail/dds_fastrtps/move__type_support.cpp.o[0m
[2.306s] [ 45%] [32mBuilding CXX object CMakeFiles/wheelchair_interfaces__rosidl_typesupport_c.dir/rosidl_typesupport_c/wheelchair_interfaces/action/move__type_support.cpp.o[0m
[2.367s] [ 48%] [32m[1mLinking CXX shared library libwheelchair_interfaces__rosidl_typesupport_c.so[0m
[2.392s] [ 51%] [32mBuilding C object CMakeFiles/wheelchair_interfaces__rosidl_typesupport_introspection_c.dir/rosidl_typesupport_introspection_c/wheelchair_interfaces/action/detail/move__type_support.c.o[0m
[2.415s] [ 54%] [32mBuilding CXX object CMakeFiles/wheelchair_interfaces__rosidl_typesupport_fastrtps_c.dir/rosidl_typesupport_fastrtps_c/wheelchair_interfaces/action/detail/move__type_support_c.cpp.o[0m
[2.421s] [ 54%] Built target wheelchair_interfaces__rosidl_typesupport_c
[2.447s] [ 58%] [32m[1mLinking C shared library libwheelchair_interfaces__rosidl_typesupport_introspection_c.so[0m
[2.488s] [ 58%] Built target wheelchair_interfaces__rosidl_typesupport_introspection_c
[2.612s] [ 61%] [32m[1mLinking CXX shared library libwheelchair_interfaces__rosidl_typesupport_cpp.so[0m
[2.662s] [ 61%] Built target wheelchair_interfaces__rosidl_typesupport_cpp
[2.793s] [ 64%] [32m[1mLinking CXX shared library libwheelchair_interfaces__rosidl_typesupport_fastrtps_c.so[0m
[2.793s] [ 67%] [32m[1mLinking CXX shared library libwheelchair_interfaces__rosidl_typesupport_fastrtps_cpp.so[0m
[2.793s] [ 70%] [32m[1mLinking CXX shared library libwheelchair_interfaces__rosidl_typesupport_introspection_cpp.so[0m
[2.880s] [ 70%] Built target wheelchair_interfaces__rosidl_typesupport_fastrtps_c
[2.880s] [ 70%] Built target wheelchair_interfaces__rosidl_typesupport_fastrtps_cpp
[2.881s] [ 70%] Built target wheelchair_interfaces__rosidl_typesupport_introspection_cpp
[2.902s] [ 70%] Built target wheelchair_interfaces
[2.924s] [ 74%] [34m[1mGenerating Python code for ROS interfaces[0m
[3.448s] [ 74%] Built target wheelchair_interfaces__py
[3.469s] [ 77%] [32mBuilding C object CMakeFiles/wheelchair_interfaces__rosidl_generator_py.dir/rosidl_generator_py/wheelchair_interfaces/action/_move_s.c.o[0m
[3.577s] [ 80%] [32m[1mLinking C shared library rosidl_generator_py/wheelchair_interfaces/libwheelchair_interfaces__rosidl_generator_py.so[0m
[3.618s] [ 80%] Built target wheelchair_interfaces__rosidl_generator_py
[3.642s] [ 90%] [32mBuilding C object CMakeFiles/wheelchair_interfaces__rosidl_typesupport_introspection_c__pyext.dir/rosidl_generator_py/wheelchair_interfaces/_wheelchair_interfaces_s.ep.rosidl_typesupport_introspection_c.c.o[0m
[3.642s] [ 90%] [32mBuilding C object CMakeFiles/wheelchair_interfaces__rosidl_typesupport_fastrtps_c__pyext.dir/rosidl_generator_py/wheelchair_interfaces/_wheelchair_interfaces_s.ep.rosidl_typesupport_fastrtps_c.c.o[0m
[3.643s] [ 90%] [32mBuilding C object CMakeFiles/wheelchair_interfaces__rosidl_typesupport_c__pyext.dir/rosidl_generator_py/wheelchair_interfaces/_wheelchair_interfaces_s.ep.rosidl_typesupport_c.c.o[0m
[3.752s] [ 96%] [32m[1mLinking C shared library rosidl_generator_py/wheelchair_interfaces/wheelchair_interfaces_s__rosidl_typesupport_c.cpython-310-x86_64-linux-gnu.so[0m
[3.753s] [ 96%] [32m[1mLinking C shared library rosidl_generator_py/wheelchair_interfaces/wheelchair_interfaces_s__rosidl_typesupport_fastrtps_c.cpython-310-x86_64-linux-gnu.so[0m
[3.753s] [100%] [32m[1mLinking C shared library rosidl_generator_py/wheelchair_interfaces/wheelchair_interfaces_s__rosidl_typesupport_introspection_c.cpython-310-x86_64-linux-gnu.so[0m
[3.794s] [100%] Built target wheelchair_interfaces__rosidl_typesupport_fastrtps_c__pyext
[3.794s] [100%] Built target wheelchair_interfaces__rosidl_typesupport_c__pyext
[3.797s] [100%] Built target wheelchair_interfaces__rosidl_typesupport_introspection_c__pyext
[3.809s] Invoked command in '/home/marthen/ros2_ws/wheelchair_interfaces/build/wheelchair_interfaces' returned '0': CMAKE_PREFIX_PATH=/opt/ros/humble /usr/bin/cmake --build /home/marthen/ros2_ws/wheelchair_interfaces/build/wheelchair_interfaces -- -j16 -l16
[3.901s] Invoking command in '/home/marthen/ros2_ws/wheelchair_interfaces/build/wheelchair_interfaces': CMAKE_PREFIX_PATH=/opt/ros/humble /usr/bin/cmake --install /home/marthen/ros2_ws/wheelchair_interfaces/build/wheelchair_interfaces
[3.908s] -- Install configuration: ""
[3.908s] -- Installing: /home/marthen/ros2_ws/wheelchair_interfaces/install/wheelchair_interfaces/share/ament_index/resource_index/rosidl_interfaces/wheelchair_interfaces
[3.908s] -- Installing: /home/marthen/ros2_ws/wheelchair_interfaces/install/wheelchair_interfaces/include/wheelchair_interfaces/wheelchair_interfaces
[3.909s] -- Installing: /home/marthen/ros2_ws/wheelchair_interfaces/install/wheelchair_interfaces/include/wheelchair_interfaces/wheelchair_interfaces/msg
[3.909s] -- Installing: /home/marthen/ros2_ws/wheelchair_interfaces/install/wheelchair_interfaces/include/wheelchair_interfaces/wheelchair_interfaces/msg/rosidl_generator_c__visibility_control.h
[3.909s] -- Installing: /home/marthen/ros2_ws/wheelchair_interfaces/install/wheelchair_interfaces/include/wheelchair_interfaces/wheelchair_interfaces/action
[3.909s] -- Installing: /home/marthen/ros2_ws/wheelchair_interfaces/install/wheelchair_interfaces/include/wheelchair_interfaces/wheelchair_interfaces/action/move.h
[3.909s] -- Installing: /home/marthen/ros2_ws/wheelchair_interfaces/install/wheelchair_interfaces/include/wheelchair_interfaces/wheelchair_interfaces/action/detail
[3.909s] -- Installing: /home/marthen/ros2_ws/wheelchair_interfaces/install/wheelchair_interfaces/include/wheelchair_interfaces/wheelchair_interfaces/action/detail/move__struct.h
[3.909s] -- Installing: /home/marthen/ros2_ws/wheelchair_interfaces/install/wheelchair_interfaces/include/wheelchair_interfaces/wheelchair_interfaces/action/detail/move__functions.c
[3.909s] -- Installing: /home/marthen/ros2_ws/wheelchair_interfaces/install/wheelchair_interfaces/include/wheelchair_interfaces/wheelchair_interfaces/action/detail/move__type_support.h
[3.909s] -- Installing: /home/marthen/ros2_ws/wheelchair_interfaces/install/wheelchair_interfaces/include/wheelchair_interfaces/wheelchair_interfaces/action/detail/move__functions.h
[3.910s] -- Installing: /home/marthen/ros2_ws/wheelchair_interfaces/install/wheelchair_interfaces/share/wheelchair_interfaces/environment/library_path.sh
[3.910s] -- Installing: /home/marthen/ros2_ws/wheelchair_interfaces/install/wheelchair_interfaces/share/wheelchair_interfaces/environment/library_path.dsv
[3.910s] -- Installing: /home/marthen/ros2_ws/wheelchair_interfaces/install/wheelchair_interfaces/lib/libwheelchair_interfaces__rosidl_generator_c.so
[3.911s] -- Set runtime path of "/home/marthen/ros2_ws/wheelchair_interfaces/install/wheelchair_interfaces/lib/libwheelchair_interfaces__rosidl_generator_c.so" to ""
[3.911s] -- Up-to-date: /home/marthen/ros2_ws/wheelchair_interfaces/install/wheelchair_interfaces/include/wheelchair_interfaces/wheelchair_interfaces
[3.911s] -- Up-to-date: /home/marthen/ros2_ws/wheelchair_interfaces/install/wheelchair_interfaces/include/wheelchair_interfaces/wheelchair_interfaces/msg
[3.911s] -- Installing: /home/marthen/ros2_ws/wheelchair_interfaces/install/wheelchair_interfaces/include/wheelchair_interfaces/wheelchair_interfaces/msg/rosidl_typesupport_fastrtps_c__visibility_control.h
[3.911s] -- Up-to-date: /home/marthen/ros2_ws/wheelchair_interfaces/install/wheelchair_interfaces/include/wheelchair_interfaces/wheelchair_interfaces/action
[3.911s] -- Up-to-date: /home/marthen/ros2_ws/wheelchair_interfaces/install/wheelchair_interfaces/include/wheelchair_interfaces/wheelchair_interfaces/action/detail
[3.911s] -- Installing: /home/marthen/ros2_ws/wheelchair_interfaces/install/wheelchair_interfaces/include/wheelchair_interfaces/wheelchair_interfaces/action/detail/move__rosidl_typesupport_fastrtps_c.h
[3.911s] -- Installing: /home/marthen/ros2_ws/wheelchair_interfaces/install/wheelchair_interfaces/lib/libwheelchair_interfaces__rosidl_typesupport_fastrtps_c.so
[3.911s] -- Set runtime path of "/home/marthen/ros2_ws/wheelchair_interfaces/install/wheelchair_interfaces/lib/libwheelchair_interfaces__rosidl_typesupport_fastrtps_c.so" to ""
[3.912s] -- Up-to-date: /home/marthen/ros2_ws/wheelchair_interfaces/install/wheelchair_interfaces/include/wheelchair_interfaces/wheelchair_interfaces
[3.912s] -- Up-to-date: /home/marthen/ros2_ws/wheelchair_interfaces/install/wheelchair_interfaces/include/wheelchair_interfaces/wheelchair_interfaces/msg
[3.912s] -- Installing: /home/marthen/ros2_ws/wheelchair_interfaces/install/wheelchair_interfaces/include/wheelchair_interfaces/wheelchair_interfaces/msg/rosidl_typesupport_introspection_c__visibility_control.h
[3.912s] -- Up-to-date: /home/marthen/ros2_ws/wheelchair_interfaces/install/wheelchair_interfaces/include/wheelchair_interfaces/wheelchair_interfaces/action
[3.912s] -- Up-to-date: /home/marthen/ros2_ws/wheelchair_interfaces/install/wheelchair_interfaces/include/wheelchair_interfaces/wheelchair_interfaces/action/detail
[3.912s] -- Installing: /home/marthen/ros2_ws/wheelchair_interfaces/install/wheelchair_interfaces/include/wheelchair_interfaces/wheelchair_interfaces/action/detail/move__rosidl_typesupport_introspection_c.h
[3.912s] -- Installing: /home/marthen/ros2_ws/wheelchair_interfaces/install/wheelchair_interfaces/include/wheelchair_interfaces/wheelchair_interfaces/action/detail/move__type_support.c
[3.912s] -- Installing: /home/marthen/ros2_ws/wheelchair_interfaces/install/wheelchair_interfaces/lib/libwheelchair_interfaces__rosidl_typesupport_introspection_c.so
[3.912s] -- Set runtime path of "/home/marthen/ros2_ws/wheelchair_interfaces/install/wheelchair_interfaces/lib/libwheelchair_interfaces__rosidl_typesupport_introspection_c.so" to ""
[3.912s] -- Installing: /home/marthen/ros2_ws/wheelchair_interfaces/install/wheelchair_interfaces/lib/libwheelchair_interfaces__rosidl_typesupport_c.so
[3.913s] -- Set runtime path of "/home/marthen/ros2_ws/wheelchair_interfaces/install/wheelchair_interfaces/lib/libwheelchair_interfaces__rosidl_typesupport_c.so" to ""
[3.913s] -- Up-to-date: /home/marthen/ros2_ws/wheelchair_interfaces/install/wheelchair_interfaces/include/wheelchair_interfaces/wheelchair_interfaces
[3.913s] -- Up-to-date: /home/marthen/ros2_ws/wheelchair_interfaces/install/wheelchair_interfaces/include/wheelchair_interfaces/wheelchair_interfaces/action
[3.913s] -- Up-to-date: /home/marthen/ros2_ws/wheelchair_interfaces/install/wheelchair_interfaces/include/wheelchair_interfaces/wheelchair_interfaces/action/detail
[3.913s] -- Installing: /home/marthen/ros2_ws/wheelchair_interfaces/install/wheelchair_interfaces/include/wheelchair_interfaces/wheelchair_interfaces/action/detail/move__traits.hpp
[3.913s] -- Installing: /home/marthen/ros2_ws/wheelchair_interfaces/install/wheelchair_interfaces/include/wheelchair_interfaces/wheelchair_interfaces/action/detail/move__builder.hpp
[3.913s] -- Installing: /home/marthen/ros2_ws/wheelchair_interfaces/install/wheelchair_interfaces/include/wheelchair_interfaces/wheelchair_interfaces/action/detail/move__struct.hpp
[3.913s] -- Installing: /home/marthen/ros2_ws/wheelchair_interfaces/install/wheelchair_interfaces/include/wheelchair_interfaces/wheelchair_interfaces/action/move.hpp
[3.913s] -- Up-to-date: /home/marthen/ros2_ws/wheelchair_interfaces/install/wheelchair_interfaces/include/wheelchair_interfaces/wheelchair_interfaces
[3.913s] -- Up-to-date: /home/marthen/ros2_ws/wheelchair_interfaces/install/wheelchair_interfaces/include/wheelchair_interfaces/wheelchair_interfaces/msg
[3.913s] -- Installing: /home/marthen/ros2_ws/wheelchair_interfaces/install/wheelchair_interfaces/include/wheelchair_interfaces/wheelchair_interfaces/msg/rosidl_typesupport_fastrtps_cpp__visibility_control.h
[3.914s] -- Up-to-date: /home/marthen/ros2_ws/wheelchair_interfaces/install/wheelchair_interfaces/include/wheelchair_interfaces/wheelchair_interfaces/action
[3.914s] -- Up-to-date: /home/marthen/ros2_ws/wheelchair_interfaces/install/wheelchair_interfaces/include/wheelchair_interfaces/wheelchair_interfaces/action/detail
[3.914s] -- Installing: /home/marthen/ros2_ws/wheelchair_interfaces/install/wheelchair_interfaces/include/wheelchair_interfaces/wheelchair_interfaces/action/detail/move__rosidl_typesupport_fastrtps_cpp.hpp
[3.914s] -- Installing: /home/marthen/ros2_ws/wheelchair_interfaces/install/wheelchair_interfaces/include/wheelchair_interfaces/wheelchair_interfaces/action/detail/dds_fastrtps
[3.914s] -- Installing: /home/marthen/ros2_ws/wheelchair_interfaces/install/wheelchair_interfaces/lib/libwheelchair_interfaces__rosidl_typesupport_fastrtps_cpp.so
[3.914s] -- Set runtime path of "/home/marthen/ros2_ws/wheelchair_interfaces/install/wheelchair_interfaces/lib/libwheelchair_interfaces__rosidl_typesupport_fastrtps_cpp.so" to ""
[3.914s] -- Up-to-date: /home/marthen/ros2_ws/wheelchair_interfaces/install/wheelchair_interfaces/include/wheelchair_interfaces/wheelchair_interfaces
[3.914s] -- Up-to-date: /home/marthen/ros2_ws/wheelchair_interfaces/install/wheelchair_interfaces/include/wheelchair_interfaces/wheelchair_interfaces/action
[3.915s] -- Up-to-date: /home/marthen/ros2_ws/wheelchair_interfaces/install/wheelchair_interfaces/include/wheelchair_interfaces/wheelchair_interfaces/action/detail
[3.915s] -- Installing: /home/marthen/ros2_ws/wheelchair_interfaces/install/wheelchair_interfaces/include/wheelchair_interfaces/wheelchair_interfaces/action/detail/move__type_support.cpp
[3.915s] -- Installing: /home/marthen/ros2_ws/wheelchair_interfaces/install/wheelchair_interfaces/include/wheelchair_interfaces/wheelchair_interfaces/action/detail/move__rosidl_typesupport_introspection_cpp.hpp
[3.915s] -- Installing: /home/marthen/ros2_ws/wheelchair_interfaces/install/wheelchair_interfaces/lib/libwheelchair_interfaces__rosidl_typesupport_introspection_cpp.so
[3.915s] -- Set runtime path of "/home/marthen/ros2_ws/wheelchair_interfaces/install/wheelchair_interfaces/lib/libwheelchair_interfaces__rosidl_typesupport_introspection_cpp.so" to ""
[3.915s] -- Installing: /home/marthen/ros2_ws/wheelchair_interfaces/install/wheelchair_interfaces/lib/libwheelchair_interfaces__rosidl_typesupport_cpp.so
[3.916s] -- Set runtime path of "/home/marthen/ros2_ws/wheelchair_interfaces/install/wheelchair_interfaces/lib/libwheelchair_interfaces__rosidl_typesupport_cpp.so" to ""
[3.916s] -- Installing: /home/marthen/ros2_ws/wheelchair_interfaces/install/wheelchair_interfaces/share/wheelchair_interfaces/environment/pythonpath.sh
[3.916s] -- Installing: /home/marthen/ros2_ws/wheelchair_interfaces/install/wheelchair_interfaces/share/wheelchair_interfaces/environment/pythonpath.dsv
[3.916s] -- Installing: /home/marthen/ros2_ws/wheelchair_interfaces/install/wheelchair_interfaces/local/lib/python3.10/dist-packages/wheelchair_interfaces-1.0.0-py3.10.egg-info
[3.916s] -- Installing: /home/marthen/ros2_ws/wheelchair_interfaces/install/wheelchair_interfaces/local/lib/python3.10/dist-packages/wheelchair_interfaces-1.0.0-py3.10.egg-info/top_level.txt
[3.916s] -- Installing: /home/marthen/ros2_ws/wheelchair_interfaces/install/wheelchair_interfaces/local/lib/python3.10/dist-packages/wheelchair_interfaces-1.0.0-py3.10.egg-info/PKG-INFO
[3.917s] -- Installing: /home/marthen/ros2_ws/wheelchair_interfaces/install/wheelchair_interfaces/local/lib/python3.10/dist-packages/wheelchair_interfaces-1.0.0-py3.10.egg-info/SOURCES.txt
[3.917s] -- Installing: /home/marthen/ros2_ws/wheelchair_interfaces/install/wheelchair_interfaces/local/lib/python3.10/dist-packages/wheelchair_interfaces-1.0.0-py3.10.egg-info/dependency_links.txt
[3.917s] -- Installing: /home/marthen/ros2_ws/wheelchair_interfaces/install/wheelchair_interfaces/local/lib/python3.10/dist-packages/wheelchair_interfaces
[3.917s] -- Installing: /home/marthen/ros2_ws/wheelchair_interfaces/install/wheelchair_interfaces/local/lib/python3.10/dist-packages/wheelchair_interfaces/_wheelchair_interfaces_s.ep.rosidl_typesupport_c.c
[3.917s] -- Installing: /home/marthen/ros2_ws/wheelchair_interfaces/install/wheelchair_interfaces/local/lib/python3.10/dist-packages/wheelchair_interfaces/__init__.py
[3.917s] -- Installing: /home/marthen/ros2_ws/wheelchair_interfaces/install/wheelchair_interfaces/local/lib/python3.10/dist-packages/wheelchair_interfaces/wheelchair_interfaces_s__rosidl_typesupport_fastrtps_c.cpython-310-x86_64-linux-gnu.so
[3.917s] -- Installing: /home/marthen/ros2_ws/wheelchair_interfaces/install/wheelchair_interfaces/local/lib/python3.10/dist-packages/wheelchair_interfaces/wheelchair_interfaces_s__rosidl_typesupport_c.cpython-310-x86_64-linux-gnu.so
[3.918s] -- Installing: /home/marthen/ros2_ws/wheelchair_interfaces/install/wheelchair_interfaces/local/lib/python3.10/dist-packages/wheelchair_interfaces/wheelchair_interfaces_s__rosidl_typesupport_introspection_c.cpython-310-x86_64-linux-gnu.so
[3.918s] -- Installing: /home/marthen/ros2_ws/wheelchair_interfaces/install/wheelchair_interfaces/local/lib/python3.10/dist-packages/wheelchair_interfaces/_wheelchair_interfaces_s.ep.rosidl_typesupport_introspection_c.c
[3.918s] -- Installing: /home/marthen/ros2_ws/wheelchair_interfaces/install/wheelchair_interfaces/local/lib/python3.10/dist-packages/wheelchair_interfaces/_wheelchair_interfaces_s.ep.rosidl_typesupport_fastrtps_c.c
[3.918s] -- Installing: /home/marthen/ros2_ws/wheelchair_interfaces/install/wheelchair_interfaces/local/lib/python3.10/dist-packages/wheelchair_interfaces/libwheelchair_interfaces__rosidl_generator_py.so
[3.918s] -- Installing: /home/marthen/ros2_ws/wheelchair_interfaces/install/wheelchair_interfaces/local/lib/python3.10/dist-packages/wheelchair_interfaces/action
[3.918s] -- Installing: /home/marthen/ros2_ws/wheelchair_interfaces/install/wheelchair_interfaces/local/lib/python3.10/dist-packages/wheelchair_interfaces/action/__init__.py
[3.918s] -- Installing: /home/marthen/ros2_ws/wheelchair_interfaces/install/wheelchair_interfaces/local/lib/python3.10/dist-packages/wheelchair_interfaces/action/_move.py
[3.919s] -- Installing: /home/marthen/ros2_ws/wheelchair_interfaces/install/wheelchair_interfaces/local/lib/python3.10/dist-packages/wheelchair_interfaces/action/_move_s.c
[3.949s] Listing '/home/marthen/ros2_ws/wheelchair_interfaces/install/wheelchair_interfaces/local/lib/python3.10/dist-packages/wheelchair_interfaces'...
[3.949s] Compiling '/home/marthen/ros2_ws/wheelchair_interfaces/install/wheelchair_interfaces/local/lib/python3.10/dist-packages/wheelchair_interfaces/__init__.py'...
[3.949s] Listing '/home/marthen/ros2_ws/wheelchair_interfaces/install/wheelchair_interfaces/local/lib/python3.10/dist-packages/wheelchair_interfaces/action'...
[3.949s] Compiling '/home/marthen/ros2_ws/wheelchair_interfaces/install/wheelchair_interfaces/local/lib/python3.10/dist-packages/wheelchair_interfaces/action/__init__.py'...
[3.949s] Compiling '/home/marthen/ros2_ws/wheelchair_interfaces/install/wheelchair_interfaces/local/lib/python3.10/dist-packages/wheelchair_interfaces/action/_move.py'...
[3.953s] -- Installing: /home/marthen/ros2_ws/wheelchair_interfaces/install/wheelchair_interfaces/local/lib/python3.10/dist-packages/wheelchair_interfaces/wheelchair_interfaces_s__rosidl_typesupport_fastrtps_c.cpython-310-x86_64-linux-gnu.so
[3.954s] -- Set runtime path of "/home/marthen/ros2_ws/wheelchair_interfaces/install/wheelchair_interfaces/local/lib/python3.10/dist-packages/wheelchair_interfaces/wheelchair_interfaces_s__rosidl_typesupport_fastrtps_c.cpython-310-x86_64-linux-gnu.so" to ""
[3.954s] -- Installing: /home/marthen/ros2_ws/wheelchair_interfaces/install/wheelchair_interfaces/local/lib/python3.10/dist-packages/wheelchair_interfaces/wheelchair_interfaces_s__rosidl_typesupport_introspection_c.cpython-310-x86_64-linux-gnu.so
[3.954s] -- Set runtime path of "/home/marthen/ros2_ws/wheelchair_interfaces/install/wheelchair_interfaces/local/lib/python3.10/dist-packages/wheelchair_interfaces/wheelchair_interfaces_s__rosidl_typesupport_introspection_c.cpython-310-x86_64-linux-gnu.so" to ""
[3.954s] -- Installing: /home/marthen/ros2_ws/wheelchair_interfaces/install/wheelchair_interfaces/local/lib/python3.10/dist-packages/wheelchair_interfaces/wheelchair_interfaces_s__rosidl_typesupport_c.cpython-310-x86_64-linux-gnu.so
[3.955s] -- Set runtime path of "/home/marthen/ros2_ws/wheelchair_interfaces/install/wheelchair_interfaces/local/lib/python3.10/dist-packages/wheelchair_interfaces/wheelchair_interfaces_s__rosidl_typesupport_c.cpython-310-x86_64-linux-gnu.so" to ""
[3.955s] -- Installing: /home/marthen/ros2_ws/wheelchair_interfaces/install/wheelchair_interfaces/lib/libwheelchair_interfaces__rosidl_generator_py.so
[3.955s] -- Set runtime path of "/home/marthen/ros2_ws/wheelchair_interfaces/install/wheelchair_interfaces/lib/libwheelchair_interfaces__rosidl_generator_py.so" to ""
[3.955s] -- Installing: /home/marthen/ros2_ws/wheelchair_interfaces/install/wheelchair_interfaces/share/wheelchair_interfaces/action/Move.idl
[3.955s] -- Installing: /home/marthen/ros2_ws/wheelchair_interfaces/install/wheelchair_interfaces/share/wheelchair_interfaces/action/Move.action
[3.956s] -- Installing: /home/marthen/ros2_ws/wheelchair_interfaces/install/wheelchair_interfaces/share/ament_index/resource_index/package_run_dependencies/wheelchair_interfaces
[3.956s] -- Installing: /home/marthen/ros2_ws/wheelchair_interfaces/install/wheelchair_interfaces/share/ament_index/resource_index/parent_prefix_path/wheelchair_interfaces
[3.956s] -- Installing: /home/marthen/ros2_ws/wheelchair_interfaces/install/wheelchair_interfaces/share/wheelchair_interfaces/environment/ament_prefix_path.sh
[3.956s] -- Installing: /home/marthen/ros2_ws/wheelchair_interfaces/install/wheelchair_interfaces/share/wheelchair_interfaces/environment/ament_prefix_path.dsv
[3.956s] -- Installing: /home/marthen/ros2_ws/wheelchair_interfaces/install/wheelchair_interfaces/share/wheelchair_interfaces/environment/path.sh
[3.957s] -- Installing: /home/marthen/ros2_ws/wheelchair_interfaces/install/wheelchair_interfaces/share/wheelchair_interfaces/environment/path.dsv
[3.957s] -- Installing: /home/marthen/ros2_ws/wheelchair_interfaces/install/wheelchair_interfaces/share/wheelchair_interfaces/local_setup.bash
[3.957s] -- Installing: /home/marthen/ros2_ws/wheelchair_interfaces/install/wheelchair_interfaces/share/wheelchair_interfaces/local_setup.sh
[3.957s] -- Installing: /home/marthen/ros2_ws/wheelchair_interfaces/install/wheelchair_interfaces/share/wheelchair_interfaces/local_setup.zsh
[3.957s] -- Installing: /home/marthen/ros2_ws/wheelchair_interfaces/install/wheelchair_interfaces/share/wheelchair_interfaces/local_setup.dsv
[3.957s] -- Installing: /home/marthen/ros2_ws/wheelchair_interfaces/install/wheelchair_interfaces/share/wheelchair_interfaces/package.dsv
[3.957s] -- Installing: /home/marthen/ros2_ws/wheelchair_interfaces/install/wheelchair_interfaces/share/ament_index/resource_index/packages/wheelchair_interfaces
[3.958s] -- Installing: /home/marthen/ros2_ws/wheelchair_interfaces/install/wheelchair_interfaces/share/wheelchair_interfaces/cmake/export_wheelchair_interfaces__rosidl_generator_cExport.cmake
[3.958s] -- Installing: /home/marthen/ros2_ws/wheelchair_interfaces/install/wheelchair_interfaces/share/wheelchair_interfaces/cmake/export_wheelchair_interfaces__rosidl_generator_cExport-noconfig.cmake
[3.958s] -- Installing: /home/marthen/ros2_ws/wheelchair_interfaces/install/wheelchair_interfaces/share/wheelchair_interfaces/cmake/export_wheelchair_interfaces__rosidl_typesupport_fastrtps_cExport.cmake
[3.958s] -- Installing: /home/marthen/ros2_ws/wheelchair_interfaces/install/wheelchair_interfaces/share/wheelchair_interfaces/cmake/export_wheelchair_interfaces__rosidl_typesupport_fastrtps_cExport-noconfig.cmake
[3.958s] -- Installing: /home/marthen/ros2_ws/wheelchair_interfaces/install/wheelchair_interfaces/share/wheelchair_interfaces/cmake/wheelchair_interfaces__rosidl_typesupport_introspection_cExport.cmake
[3.958s] -- Installing: /home/marthen/ros2_ws/wheelchair_interfaces/install/wheelchair_interfaces/share/wheelchair_interfaces/cmake/wheelchair_interfaces__rosidl_typesupport_introspection_cExport-noconfig.cmake
[3.958s] -- Installing: /home/marthen/ros2_ws/wheelchair_interfaces/install/wheelchair_interfaces/share/wheelchair_interfaces/cmake/wheelchair_interfaces__rosidl_typesupport_cExport.cmake
[3.959s] -- Installing: /home/marthen/ros2_ws/wheelchair_interfaces/install/wheelchair_interfaces/share/wheelchair_interfaces/cmake/wheelchair_interfaces__rosidl_typesupport_cExport-noconfig.cmake
[3.959s] -- Installing: /home/marthen/ros2_ws/wheelchair_interfaces/install/wheelchair_interfaces/share/wheelchair_interfaces/cmake/export_wheelchair_interfaces__rosidl_generator_cppExport.cmake
[3.959s] -- Installing: /home/marthen/ros2_ws/wheelchair_interfaces/install/wheelchair_interfaces/share/wheelchair_interfaces/cmake/export_wheelchair_interfaces__rosidl_typesupport_fastrtps_cppExport.cmake
[3.959s] -- Installing: /home/marthen/ros2_ws/wheelchair_interfaces/install/wheelchair_interfaces/share/wheelchair_interfaces/cmake/export_wheelchair_interfaces__rosidl_typesupport_fastrtps_cppExport-noconfig.cmake
[3.959s] -- Installing: /home/marthen/ros2_ws/wheelchair_interfaces/install/wheelchair_interfaces/share/wheelchair_interfaces/cmake/wheelchair_interfaces__rosidl_typesupport_introspection_cppExport.cmake
[3.959s] -- Installing: /home/marthen/ros2_ws/wheelchair_interfaces/install/wheelchair_interfaces/share/wheelchair_interfaces/cmake/wheelchair_interfaces__rosidl_typesupport_introspection_cppExport-noconfig.cmake
[3.960s] -- Installing: /home/marthen/ros2_ws/wheelchair_interfaces/install/wheelchair_interfaces/share/wheelchair_interfaces/cmake/wheelchair_interfaces__rosidl_typesupport_cppExport.cmake
[3.960s] -- Installing: /home/marthen/ros2_ws/wheelchair_interfaces/install/wheelchair_interfaces/share/wheelchair_interfaces/cmake/wheelchair_interfaces__rosidl_typesupport_cppExport-noconfig.cmake
[3.960s] -- Installing: /home/marthen/ros2_ws/wheelchair_interfaces/install/wheelchair_interfaces/share/wheelchair_interfaces/cmake/export_wheelchair_interfaces__rosidl_generator_pyExport.cmake
[3.960s] -- Installing: /home/marthen/ros2_ws/wheelchair_interfaces/install/wheelchair_interfaces/share/wheelchair_interfaces/cmake/export_wheelchair_interfaces__rosidl_generator_pyExport-noconfig.cmake
[3.960s] -- Installing: /home/marthen/ros2_ws/wheelchair_interfaces/install/wheelchair_interfaces/share/wheelchair_interfaces/cmake/rosidl_cmake-extras.cmake
[3.960s] -- Installing: /home/marthen/ros2_ws/wheelchair_interfaces/install/wheelchair_interfaces/share/wheelchair_interfaces/cmake/ament_cmake_export_dependencies-extras.cmake
[3.961s] -- Installing: /home/marthen/ros2_ws/wheelchair_interfaces/install/wheelchair_interfaces/share/wheelchair_interfaces/cmake/ament_cmake_export_include_directories-extras.cmake
[3.961s] -- Installing: /home/marthen/ros2_ws/wheelchair_interfaces/install/wheelchair_interfaces/share/wheelchair_interfaces/cmake/ament_cmake_export_libraries-extras.cmake
[3.961s] -- Installing: /home/marthen/ros2_ws/wheelchair_interfaces/install/wheelchair_interfaces/share/wheelchair_interfaces/cmake/ament_cmake_export_targets-extras.cmake
[3.961s] -- Installing: /home/marthen/ros2_ws/wheelchair_interfaces/install/wheelchair_interfaces/share/wheelchair_interfaces/cmake/rosidl_cmake_export_typesupport_targets-extras.cmake
[3.961s] -- Installing: /home/marthen/ros2_ws/wheelchair_interfaces/install/wheelchair_interfaces/share/wheelchair_interfaces/cmake/rosidl_cmake_export_typesupport_libraries-extras.cmake
[3.961s] -- Installing: /home/marthen/ros2_ws/wheelchair_interfaces/install/wheelchair_interfaces/share/wheelchair_interfaces/cmake/wheelchair_interfacesConfig.cmake
[3.962s] -- Installing: /home/marthen/ros2_ws/wheelchair_interfaces/install/wheelchair_interfaces/share/wheelchair_interfaces/cmake/wheelchair_interfacesConfig-version.cmake
[3.962s] -- Installing: /home/marthen/ros2_ws/wheelchair_interfaces/install/wheelchair_interfaces/share/wheelchair_interfaces/package.xml
[3.965s] Invoked command in '/home/marthen/ros2_ws/wheelchair_interfaces/build/wheelchair_interfaces' returned '0': CMAKE_PREFIX_PATH=/opt/ros/humble /usr/bin/cmake --install /home/marthen/ros2_ws/wheelchair_interfaces/build/wheelchair_interfaces
